<?xml version="1.0" encoding="UTF-8"?>
<testsuite xmlns:xsi="http://www.w3.org/2001/XMLSchema-instance" xsi:schemaLocation="https://maven.apache.org/surefire/maven-surefire-plugin/xsd/surefire-test-report.xsd" name="bionicEnergyJourneyPrototype.RunnerClassTest" time="334.466" tests="171" errors="12" skipped="58" failures="0">
  <properties>
    <property name="java.runtime.name" value="OpenJDK Runtime Environment"/>
    <property name="sun.boot.library.path" value="C:\Program Files\JetBrains\IntelliJ IDEA Community Edition 2019.1.3\jre64\bin"/>
    <property name="java.vm.version" value="25.212-b4"/>
    <property name="java.vm.vendor" value="JetBrains s.r.o"/>
    <property name="maven.multiModuleProjectDirectory" value="C:\Users\ravi.ahuja\IdeaProjects\MavenEnergyJourneyBionic"/>
    <property name="java.vendor.url" value="https://www.jetbrains.com/"/>
    <property name="path.separator" value=";"/>
    <property name="guice.disable.misplaced.annotation.check" value="true"/>
    <property name="java.vm.name" value="OpenJDK 64-Bit Server VM"/>
    <property name="file.encoding.pkg" value="sun.io"/>
    <property name="user.script" value=""/>
    <property name="user.country" value="GB"/>
    <property name="sun.java.launcher" value="SUN_STANDARD"/>
    <property name="sun.os.patch.level" value=""/>
    <property name="java.vm.specification.name" value="Java Virtual Machine Specification"/>
    <property name="user.dir" value="C:\Users\ravi.ahuja\IdeaProjects\MavenEnergyJourneyBionic"/>
    <property name="java.runtime.version" value="1.8.0_212-release-1586-b4"/>
    <property name="java.awt.graphicsenv" value="sun.awt.Win32GraphicsEnvironment"/>
    <property name="java.endorsed.dirs" value="C:\Program Files\JetBrains\IntelliJ IDEA Community Edition 2019.1.3\jre64\lib\endorsed"/>
    <property name="os.arch" value="amd64"/>
    <property name="java.io.tmpdir" value="C:\Users\RAVI~1.AHU\AppData\Local\Temp\"/>
    <property name="line.separator" value="&#10;"/>
    <property name="java.vm.specification.vendor" value="Oracle Corporation"/>
    <property name="user.variant" value=""/>
    <property name="os.name" value="Windows 10"/>
    <property name="classworlds.conf" value="C:\Users\ravi.ahuja\Maven\bin\..\bin\m2.conf"/>
    <property name="sun.jnu.encoding" value="Cp1252"/>
    <property name="java.library.path" value="C:\Program Files\JetBrains\IntelliJ IDEA Community Edition 2019.1.3\jre64\bin;C:\WINDOWS\Sun\Java\bin;C:\WINDOWS\system32;C:\WINDOWS;C:\Program Files\JetBrains\IntelliJ IDEA Community Edition 2019.1.3\jre64\\bin;C:\Program Files\JetBrains\IntelliJ IDEA Community Edition 2019.1.3\jre64\\bin\server;C:\Program Files (x86)\Common Files\Oracle\Java\javapath;C:\WINDOWS\system32;C:\WINDOWS;C:\WINDOWS\System32\Wbem;C:\WINDOWS\System32\WindowsPowerShell\v1.0\;C:\WINDOWS\System32\OpenSSH\;C:\Program Files (x86)\Airtame;C:\Program Files (x86)\Microsoft SQL Server\150\DTS\Binn\;C:\Users\ravi.ahuja\Maven\bin;C:\Users\ravi.ahuja\Maven\bin;C:\Program Files\PuTTY\;C:\Ruby26-x64\bin;C:\Users\ravi.ahuja\AppData\Local\Microsoft\WindowsApps;C:\Users\ravi.ahuja\AppData\Local\GitHubDesktop\bin;C:\Users\ravi.ahuja\AppData\Local\Programs\Git\cmd;C:\Users\ravi.ahuja\AppData\Local\Microsoft\WindowsApps;C:\Users\ravi.ahuja\AppData\Local\atom\bin;C:\Users\ravi.ahuja\AppData\Local\Programs\Microsoft VS Code\bin;."/>
    <property name="maven.conf" value="C:\Users\ravi.ahuja\Maven\bin\../conf"/>
    <property name="java.specification.name" value="Java Platform API Specification"/>
    <property name="java.class.version" value="52.0"/>
    <property name="sun.management.compiler" value="HotSpot 64-Bit Tiered Compilers"/>
    <property name="os.version" value="10.0"/>
    <property name="library.jansi.path" value="C:\Users\ravi.ahuja\Maven\bin\..\lib\jansi-native"/>
    <property name="user.home" value="C:\Users\ravi.ahuja"/>
    <property name="user.timezone" value="Europe/London"/>
    <property name="java.awt.printerjob" value="sun.awt.windows.WPrinterJob"/>
    <property name="java.specification.version" value="1.8"/>
    <property name="file.encoding" value="Cp1252"/>
    <property name="user.name" value="Ravi.Ahuja"/>
    <property name="java.class.path" value="C:\Users\ravi.ahuja\Maven\bin\..\boot\plexus-classworlds-2.6.0.jar"/>
    <property name="java.vm.specification.version" value="1.8"/>
    <property name="sun.arch.data.model" value="64"/>
    <property name="java.home" value="C:\Program Files\JetBrains\IntelliJ IDEA Community Edition 2019.1.3\jre64"/>
    <property name="sun.java.command" value="org.codehaus.plexus.classworlds.launcher.Launcher clean install"/>
    <property name="java.specification.vendor" value="Oracle Corporation"/>
    <property name="user.language" value="en"/>
    <property name="awt.toolkit" value="sun.awt.windows.WToolkit"/>
    <property name="java.vm.info" value="mixed mode"/>
    <property name="java.version" value="1.8.0_212-release"/>
    <property name="java.ext.dirs" value="C:\Program Files\JetBrains\IntelliJ IDEA Community Edition 2019.1.3\jre64\lib\ext;C:\WINDOWS\Sun\Java\lib\ext"/>
    <property name="sun.boot.class.path" value="C:\Program Files\JetBrains\IntelliJ IDEA Community Edition 2019.1.3\jre64\lib\resources.jar;C:\Program Files\JetBrains\IntelliJ IDEA Community Edition 2019.1.3\jre64\lib\rt.jar;C:\Program Files\JetBrains\IntelliJ IDEA Community Edition 2019.1.3\jre64\lib\sunrsasign.jar;C:\Program Files\JetBrains\IntelliJ IDEA Community Edition 2019.1.3\jre64\lib\jsse.jar;C:\Program Files\JetBrains\IntelliJ IDEA Community Edition 2019.1.3\jre64\lib\jce.jar;C:\Program Files\JetBrains\IntelliJ IDEA Community Edition 2019.1.3\jre64\lib\charsets.jar;C:\Program Files\JetBrains\IntelliJ IDEA Community Edition 2019.1.3\jre64\lib\jfr.jar;C:\Program Files\JetBrains\IntelliJ IDEA Community Edition 2019.1.3\jre64\classes"/>
    <property name="sun.stderr.encoding" value="cp850"/>
    <property name="java.vendor" value="JetBrains s.r.o"/>
    <property name="maven.home" value="C:\Users\ravi.ahuja\Maven\bin\.."/>
    <property name="file.separator" value="\"/>
    <property name="java.vendor.url.bug" value="https://youtrack.jetbrains.com"/>
    <property name="sun.cpu.endian" value="little"/>
    <property name="sun.io.unicode.encoding" value="UnicodeLittle"/>
    <property name="sun.stdout.encoding" value="cp850"/>
    <property name="sun.desktop" value="windows"/>
    <property name="sun.cpu.isalist" value="amd64"/>
  </properties>
  <testcase name="Given I navigate to bionic energy journey landing page with &quot;https://bdef256b4bd23af1:669ea24b26ea286da0f3803b875642c7@energy-journey-ui-staging.makeiteasy.com&quot;" classname="| https://bdef256b4bd23af1:669ea24b26ea286da0f3803b875642c7@energy-journey-ui-staging.makeiteasy.com |" time="0.002"/>
  <testcase name="| https://bdef256b4bd23af1:669ea24b26ea286da0f3803b875642c7@energy-journey-ui-staging.makeiteasy.com |" classname="| https://bdef256b4bd23af1:669ea24b26ea286da0f3803b875642c7@energy-journey-ui-staging.makeiteasy.com |" time="0.006"/>
  <testcase name="Given I navigate to bionic energy journey landing page with &quot;https://bdef256b4bd23af1:669ea24b26ea286da0f3803b875642c7@energy-journey-ui-staging.makeiteasy.com&quot;" classname="| https://bdef256b4bd23af1:669ea24b26ea286da0f3803b875642c7@energy-journey-ui-staging.makeiteasy.com | KT64DU | Fredericks | Jeevat LTD | Ravi Ahuja | test@test.test | 07555555555 |" time="0"/>
  <testcase name="When I enter postcode &quot;KT64DU&quot;" classname="| https://bdef256b4bd23af1:669ea24b26ea286da0f3803b875642c7@energy-journey-ui-staging.makeiteasy.com | KT64DU | Fredericks | Jeevat LTD | Ravi Ahuja | test@test.test | 07555555555 |" time="0"/>
  <testcase name="And I click Start Quote" classname="| https://bdef256b4bd23af1:669ea24b26ea286da0f3803b875642c7@energy-journey-ui-staging.makeiteasy.com | KT64DU | Fredericks | Jeevat LTD | Ravi Ahuja | test@test.test | 07555555555 |" time="0"/>
  <testcase name="And I enter &quot;Fredericks&quot; on search field" classname="| https://bdef256b4bd23af1:669ea24b26ea286da0f3803b875642c7@energy-journey-ui-staging.makeiteasy.com | KT64DU | Fredericks | Jeevat LTD | Ravi Ahuja | test@test.test | 07555555555 |" time="0"/>
  <testcase name="And click on the address contains &quot;Fredericks&quot;" classname="| https://bdef256b4bd23af1:669ea24b26ea286da0f3803b875642c7@energy-journey-ui-staging.makeiteasy.com | KT64DU | Fredericks | Jeevat LTD | Ravi Ahuja | test@test.test | 07555555555 |" time="0"/>
  <testcase name="And I enter Business Name &quot;Jeevat LTD&quot;" classname="| https://bdef256b4bd23af1:669ea24b26ea286da0f3803b875642c7@energy-journey-ui-staging.makeiteasy.com | KT64DU | Fredericks | Jeevat LTD | Ravi Ahuja | test@test.test | 07555555555 |" time="0"/>
  <testcase name="And I click Next from business name page" classname="| https://bdef256b4bd23af1:669ea24b26ea286da0f3803b875642c7@energy-journey-ui-staging.makeiteasy.com | KT64DU | Fredericks | Jeevat LTD | Ravi Ahuja | test@test.test | 07555555555 |" time="0"/>
  <testcase name="And I click on Electricity button" classname="| https://bdef256b4bd23af1:669ea24b26ea286da0f3803b875642c7@energy-journey-ui-staging.makeiteasy.com | KT64DU | Fredericks | Jeevat LTD | Ravi Ahuja | test@test.test | 07555555555 |" time="0"/>
  <testcase name="And I click Yes from industry data agreement page" classname="| https://bdef256b4bd23af1:669ea24b26ea286da0f3803b875642c7@energy-journey-ui-staging.makeiteasy.com | KT64DU | Fredericks | Jeevat LTD | Ravi Ahuja | test@test.test | 07555555555 |" time="0"/>
  <testcase name="And I click on Nex Step button" classname="| https://bdef256b4bd23af1:669ea24b26ea286da0f3803b875642c7@energy-journey-ui-staging.makeiteasy.com | KT64DU | Fredericks | Jeevat LTD | Ravi Ahuja | test@test.test | 07555555555 |" time="0"/>
  <testcase name="And I click I am not sure option" classname="| https://bdef256b4bd23af1:669ea24b26ea286da0f3803b875642c7@energy-journey-ui-staging.makeiteasy.com | KT64DU | Fredericks | Jeevat LTD | Ravi Ahuja | test@test.test | 07555555555 |" time="0"/>
  <testcase name="And I click Schedule for later (if on chat page)" classname="| https://bdef256b4bd23af1:669ea24b26ea286da0f3803b875642c7@energy-journey-ui-staging.makeiteasy.com | KT64DU | Fredericks | Jeevat LTD | Ravi Ahuja | test@test.test | 07555555555 |" time="0"/>
  <testcase name="And I select Time from dropdown" classname="| https://bdef256b4bd23af1:669ea24b26ea286da0f3803b875642c7@energy-journey-ui-staging.makeiteasy.com | KT64DU | Fredericks | Jeevat LTD | Ravi Ahuja | test@test.test | 07555555555 |" time="0"/>
  <testcase name="And I enter full name &quot;Ravi Ahuja&quot;" classname="| https://bdef256b4bd23af1:669ea24b26ea286da0f3803b875642c7@energy-journey-ui-staging.makeiteasy.com | KT64DU | Fredericks | Jeevat LTD | Ravi Ahuja | test@test.test | 07555555555 |" time="0"/>
  <testcase name="And I enter email address &quot;test@test.test&quot;" classname="| https://bdef256b4bd23af1:669ea24b26ea286da0f3803b875642c7@energy-journey-ui-staging.makeiteasy.com | KT64DU | Fredericks | Jeevat LTD | Ravi Ahuja | test@test.test | 07555555555 |" time="0"/>
  <testcase name="And I enter phone number &quot;07555555555&quot;" classname="| https://bdef256b4bd23af1:669ea24b26ea286da0f3803b875642c7@energy-journey-ui-staging.makeiteasy.com | KT64DU | Fredericks | Jeevat LTD | Ravi Ahuja | test@test.test | 07555555555 |" time="0"/>
  <testcase name="And I click Schedule call/Finalise Quote button" classname="| https://bdef256b4bd23af1:669ea24b26ea286da0f3803b875642c7@energy-journey-ui-staging.makeiteasy.com | KT64DU | Fredericks | Jeevat LTD | Ravi Ahuja | test@test.test | 07555555555 |" time="0"/>
  <testcase name="Then I navigate to electric lead schedule page" classname="| https://bdef256b4bd23af1:669ea24b26ea286da0f3803b875642c7@energy-journey-ui-staging.makeiteasy.com | KT64DU | Fredericks | Jeevat LTD | Ravi Ahuja | test@test.test | 07555555555 |" time="0"/>
  <testcase name="| https://bdef256b4bd23af1:669ea24b26ea286da0f3803b875642c7@energy-journey-ui-staging.makeiteasy.com | KT64DU | Fredericks | Jeevat LTD | Ravi Ahuja | test@test.test | 07555555555 |" classname="| https://bdef256b4bd23af1:669ea24b26ea286da0f3803b875642c7@energy-journey-ui-staging.makeiteasy.com | KT64DU | Fredericks | Jeevat LTD | Ravi Ahuja | test@test.test | 07555555555 |" time="0"/>
  <testcase name="Given I navigate to bionic energy journey landing page with &quot;https://bdef256b4bd23af1:669ea24b26ea286da0f3803b875642c7@energy-journey-ui-staging.makeiteasy.com&quot;" classname="| https://bdef256b4bd23af1:669ea24b26ea286da0f3803b875642c7@energy-journey-ui-staging.makeiteasy.com | HA85HF | 49 | Jeevat LTD | Ravi Ahuja | test@test.test | 07555555555 |" time="0"/>
  <testcase name="When I enter postcode &quot;HA85HF&quot;" classname="| https://bdef256b4bd23af1:669ea24b26ea286da0f3803b875642c7@energy-journey-ui-staging.makeiteasy.com | HA85HF | 49 | Jeevat LTD | Ravi Ahuja | test@test.test | 07555555555 |" time="0"/>
  <testcase name="And I click Start Quote" classname="| https://bdef256b4bd23af1:669ea24b26ea286da0f3803b875642c7@energy-journey-ui-staging.makeiteasy.com | HA85HF | 49 | Jeevat LTD | Ravi Ahuja | test@test.test | 07555555555 |" time="0"/>
  <testcase name="And I enter &quot;49&quot; on search field" classname="| https://bdef256b4bd23af1:669ea24b26ea286da0f3803b875642c7@energy-journey-ui-staging.makeiteasy.com | HA85HF | 49 | Jeevat LTD | Ravi Ahuja | test@test.test | 07555555555 |" time="0"/>
  <testcase name="And click on the address contains &quot;49&quot;" classname="| https://bdef256b4bd23af1:669ea24b26ea286da0f3803b875642c7@energy-journey-ui-staging.makeiteasy.com | HA85HF | 49 | Jeevat LTD | Ravi Ahuja | test@test.test | 07555555555 |" time="0"/>
  <testcase name="And I enter Business Name &quot;Jeevat LTD&quot;" classname="| https://bdef256b4bd23af1:669ea24b26ea286da0f3803b875642c7@energy-journey-ui-staging.makeiteasy.com | HA85HF | 49 | Jeevat LTD | Ravi Ahuja | test@test.test | 07555555555 |" time="0"/>
  <testcase name="And I click Next from business name page" classname="| https://bdef256b4bd23af1:669ea24b26ea286da0f3803b875642c7@energy-journey-ui-staging.makeiteasy.com | HA85HF | 49 | Jeevat LTD | Ravi Ahuja | test@test.test | 07555555555 |" time="0"/>
  <testcase name="And I click on Electricity button" classname="| https://bdef256b4bd23af1:669ea24b26ea286da0f3803b875642c7@energy-journey-ui-staging.makeiteasy.com | HA85HF | 49 | Jeevat LTD | Ravi Ahuja | test@test.test | 07555555555 |" time="0"/>
  <testcase name="And I click Yes from industry data agreement page" classname="| https://bdef256b4bd23af1:669ea24b26ea286da0f3803b875642c7@energy-journey-ui-staging.makeiteasy.com | HA85HF | 49 | Jeevat LTD | Ravi Ahuja | test@test.test | 07555555555 |" time="0"/>
  <testcase name="And I click on Nex Step button" classname="| https://bdef256b4bd23af1:669ea24b26ea286da0f3803b875642c7@energy-journey-ui-staging.makeiteasy.com | HA85HF | 49 | Jeevat LTD | Ravi Ahuja | test@test.test | 07555555555 |" time="0"/>
  <testcase name="And I click I am not sure option" classname="| https://bdef256b4bd23af1:669ea24b26ea286da0f3803b875642c7@energy-journey-ui-staging.makeiteasy.com | HA85HF | 49 | Jeevat LTD | Ravi Ahuja | test@test.test | 07555555555 |" time="0"/>
  <testcase name="And I click Schedule for later (if on chat page)" classname="| https://bdef256b4bd23af1:669ea24b26ea286da0f3803b875642c7@energy-journey-ui-staging.makeiteasy.com | HA85HF | 49 | Jeevat LTD | Ravi Ahuja | test@test.test | 07555555555 |" time="0"/>
  <testcase name="And I select Time from dropdown" classname="| https://bdef256b4bd23af1:669ea24b26ea286da0f3803b875642c7@energy-journey-ui-staging.makeiteasy.com | HA85HF | 49 | Jeevat LTD | Ravi Ahuja | test@test.test | 07555555555 |" time="0"/>
  <testcase name="And I enter full name &quot;Ravi Ahuja&quot;" classname="| https://bdef256b4bd23af1:669ea24b26ea286da0f3803b875642c7@energy-journey-ui-staging.makeiteasy.com | HA85HF | 49 | Jeevat LTD | Ravi Ahuja | test@test.test | 07555555555 |" time="0"/>
  <testcase name="And I enter email address &quot;test@test.test&quot;" classname="| https://bdef256b4bd23af1:669ea24b26ea286da0f3803b875642c7@energy-journey-ui-staging.makeiteasy.com | HA85HF | 49 | Jeevat LTD | Ravi Ahuja | test@test.test | 07555555555 |" time="0"/>
  <testcase name="And I enter phone number &quot;07555555555&quot;" classname="| https://bdef256b4bd23af1:669ea24b26ea286da0f3803b875642c7@energy-journey-ui-staging.makeiteasy.com | HA85HF | 49 | Jeevat LTD | Ravi Ahuja | test@test.test | 07555555555 |" time="0"/>
  <testcase name="And I click Schedule call/Finalise Quote button" classname="| https://bdef256b4bd23af1:669ea24b26ea286da0f3803b875642c7@energy-journey-ui-staging.makeiteasy.com | HA85HF | 49 | Jeevat LTD | Ravi Ahuja | test@test.test | 07555555555 |" time="0"/>
  <testcase name="Then I navigate to electric lead schedule page" classname="| https://bdef256b4bd23af1:669ea24b26ea286da0f3803b875642c7@energy-journey-ui-staging.makeiteasy.com | HA85HF | 49 | Jeevat LTD | Ravi Ahuja | test@test.test | 07555555555 |" time="0"/>
  <testcase name="| https://bdef256b4bd23af1:669ea24b26ea286da0f3803b875642c7@energy-journey-ui-staging.makeiteasy.com | HA85HF | 49 | Jeevat LTD | Ravi Ahuja | test@test.test | 07555555555 |" classname="| https://bdef256b4bd23af1:669ea24b26ea286da0f3803b875642c7@energy-journey-ui-staging.makeiteasy.com | HA85HF | 49 | Jeevat LTD | Ravi Ahuja | test@test.test | 07555555555 |" time="0"/>
  <testcase name="Given I navigate to bionic energy journey landing page with &quot;https://bdef256b4bd23af1:669ea24b26ea286da0f3803b875642c7@energy-journey-ui-staging.makeiteasy.com&quot;" classname="| https://bdef256b4bd23af1:669ea24b26ea286da0f3803b875642c7@energy-journey-ui-staging.makeiteasy.com | KT64DU | Jeevat LTD | Ravi Ahuja | test@test.test | 07555555555 | Fredericks | 04 | 807 | 205 | 10 | 12863966 | 474 | British Gas | 250 |" time="0"/>
  <testcase name="When I enter postcode &quot;KT64DU&quot;" classname="| https://bdef256b4bd23af1:669ea24b26ea286da0f3803b875642c7@energy-journey-ui-staging.makeiteasy.com | KT64DU | Jeevat LTD | Ravi Ahuja | test@test.test | 07555555555 | Fredericks | 04 | 807 | 205 | 10 | 12863966 | 474 | British Gas | 250 |" time="0"/>
  <testcase name="And I click Start Quote" classname="| https://bdef256b4bd23af1:669ea24b26ea286da0f3803b875642c7@energy-journey-ui-staging.makeiteasy.com | KT64DU | Jeevat LTD | Ravi Ahuja | test@test.test | 07555555555 | Fredericks | 04 | 807 | 205 | 10 | 12863966 | 474 | British Gas | 250 |" time="0"/>
  <testcase name="And I enter &quot;Fredericks&quot; on search field" classname="| https://bdef256b4bd23af1:669ea24b26ea286da0f3803b875642c7@energy-journey-ui-staging.makeiteasy.com | KT64DU | Jeevat LTD | Ravi Ahuja | test@test.test | 07555555555 | Fredericks | 04 | 807 | 205 | 10 | 12863966 | 474 | British Gas | 250 |" time="0"/>
  <testcase name="And click on the address contains &quot;Fredericks&quot;" classname="| https://bdef256b4bd23af1:669ea24b26ea286da0f3803b875642c7@energy-journey-ui-staging.makeiteasy.com | KT64DU | Jeevat LTD | Ravi Ahuja | test@test.test | 07555555555 | Fredericks | 04 | 807 | 205 | 10 | 12863966 | 474 | British Gas | 250 |" time="0"/>
  <testcase name="And I enter Business Name &quot;Jeevat LTD&quot;" classname="| https://bdef256b4bd23af1:669ea24b26ea286da0f3803b875642c7@energy-journey-ui-staging.makeiteasy.com | KT64DU | Jeevat LTD | Ravi Ahuja | test@test.test | 07555555555 | Fredericks | 04 | 807 | 205 | 10 | 12863966 | 474 | British Gas | 250 |" time="0"/>
  <testcase name="And I click Next from business name page" classname="| https://bdef256b4bd23af1:669ea24b26ea286da0f3803b875642c7@energy-journey-ui-staging.makeiteasy.com | KT64DU | Jeevat LTD | Ravi Ahuja | test@test.test | 07555555555 | Fredericks | 04 | 807 | 205 | 10 | 12863966 | 474 | British Gas | 250 |" time="0"/>
  <testcase name="And I click on Electricity button" classname="| https://bdef256b4bd23af1:669ea24b26ea286da0f3803b875642c7@energy-journey-ui-staging.makeiteasy.com | KT64DU | Jeevat LTD | Ravi Ahuja | test@test.test | 07555555555 | Fredericks | 04 | 807 | 205 | 10 | 12863966 | 474 | British Gas | 250 |" time="0"/>
  <testcase name="And I click NO from industry data agreement page" classname="| https://bdef256b4bd23af1:669ea24b26ea286da0f3803b875642c7@energy-journey-ui-staging.makeiteasy.com | KT64DU | Jeevat LTD | Ravi Ahuja | test@test.test | 07555555555 | Fredericks | 04 | 807 | 205 | 10 | 12863966 | 474 | British Gas | 250 |" time="0.001"/>
  <testcase name="And I click yes option for do you know your MPAN" classname="| https://bdef256b4bd23af1:669ea24b26ea286da0f3803b875642c7@energy-journey-ui-staging.makeiteasy.com | KT64DU | Jeevat LTD | Ravi Ahuja | test@test.test | 07555555555 | Fredericks | 04 | 807 | 205 | 10 | 12863966 | 474 | British Gas | 250 |" time="0"/>
  <testcase name="And I enter MPAN numbere &quot;04&quot; &quot;807&quot; &quot;205&quot; &quot;10&quot; &quot;12863966&quot; &quot;474&quot;" classname="| https://bdef256b4bd23af1:669ea24b26ea286da0f3803b875642c7@energy-journey-ui-staging.makeiteasy.com | KT64DU | Jeevat LTD | Ravi Ahuja | test@test.test | 07555555555 | Fredericks | 04 | 807 | 205 | 10 | 12863966 | 474 | British Gas | 250 |" time="0"/>
  <testcase name="And I click Next after entering MPAN" classname="| https://bdef256b4bd23af1:669ea24b26ea286da0f3803b875642c7@energy-journey-ui-staging.makeiteasy.com | KT64DU | Jeevat LTD | Ravi Ahuja | test@test.test | 07555555555 | Fredericks | 04 | 807 | 205 | 10 | 12863966 | 474 | British Gas | 250 |" time="0"/>
  <testcase name="And I click yes option for electricity supplier" classname="| https://bdef256b4bd23af1:669ea24b26ea286da0f3803b875642c7@energy-journey-ui-staging.makeiteasy.com | KT64DU | Jeevat LTD | Ravi Ahuja | test@test.test | 07555555555 | Fredericks | 04 | 807 | 205 | 10 | 12863966 | 474 | British Gas | 250 |" time="0.008">
    <error message="no such element: Unable to locate element: {&quot;method&quot;:&quot;xpath&quot;,&quot;selector&quot;:&quot;//div[@class=&apos;question-supplier&apos;]/div/div/div/div[@class=&apos;radio-btn yes-btn&apos;]&quot;}&#10;  (Session info: chrome=85.0.4183.83)&#10;  (Driver info: chromedriver=72.0.3626.69 (3c16f8a135abc0d4da2dff33804db79b849a7c38),platform=Windows NT 10.0.18363 x86_64) (WARNING: The server did not provide any stacktrace information)&#10;Command duration or timeout: 0 milliseconds&#10;For documentation on this error, please visit: https://www.seleniumhq.org/exceptions/no_such_element.html&#10;Build info: version: &apos;3.141.59&apos;, revision: &apos;e82be7d358&apos;, time: &apos;2018-11-14T08:17:03&apos;&#10;System info: host: &apos;MIC-LAP225&apos;, ip: &apos;192.168.0.17&apos;, os.name: &apos;Windows 10&apos;, os.arch: &apos;amd64&apos;, os.version: &apos;10.0&apos;, java.version: &apos;1.8.0_212-release&apos;&#10;Driver info: org.openqa.selenium.chrome.ChromeDriver&#10;Capabilities {acceptInsecureCerts: false, acceptSslCerts: false, applicationCacheEnabled: false, browserConnectionEnabled: false, browserName: chrome, chrome: {chromedriverVersion: 72.0.3626.69 (3c16f8a135abc..., userDataDir: C:\Users\RAVI~1.AHU\AppData...}, cssSelectorsEnabled: true, databaseEnabled: false, goog:chromeOptions: {debuggerAddress: localhost:64811}, handlesAlerts: true, hasTouchScreen: false, javascriptEnabled: true, locationContextEnabled: true, mobileEmulationEnabled: false, nativeEvents: true, networkConnectionEnabled: false, pageLoadStrategy: normal, platform: XP, platformName: XP, proxy: Proxy(), rotatable: false, setWindowRect: true, takesHeapSnapshot: true, takesScreenshot: true, timeouts: {implicit: 0, pageLoad: 300000, script: 30000}, unexpectedAlertBehaviour: ignore, unhandledPromptBehavior: ignore, version: 85.0.4183.83, webStorageEnabled: true}&#10;Session ID: dfc5154497915b5f3c7ec36ab4f5bf6f&#10;*** Element info: {Using=xpath, value=//div[@class=&apos;question-supplier&apos;]/div/div/div/div[@class=&apos;radio-btn yes-btn&apos;]}" type="org.openqa.selenium.NoSuchElementException">org.openqa.selenium.NoSuchElementException: 
no such element: Unable to locate element: {"method":"xpath","selector":"//div[@class='question-supplier']/div/div/div/div[@class='radio-btn yes-btn']"}
  (Session info: chrome=85.0.4183.83)
  (Driver info: chromedriver=72.0.3626.69 (3c16f8a135abc0d4da2dff33804db79b849a7c38),platform=Windows NT 10.0.18363 x86_64) (WARNING: The server did not provide any stacktrace information)
Command duration or timeout: 0 milliseconds
For documentation on this error, please visit: https://www.seleniumhq.org/exceptions/no_such_element.html
Build info: version: '3.141.59', revision: 'e82be7d358', time: '2018-11-14T08:17:03'
System info: host: 'MIC-LAP225', ip: '192.168.0.17', os.name: 'Windows 10', os.arch: 'amd64', os.version: '10.0', java.version: '1.8.0_212-release'
Driver info: org.openqa.selenium.chrome.ChromeDriver
Capabilities {acceptInsecureCerts: false, acceptSslCerts: false, applicationCacheEnabled: false, browserConnectionEnabled: false, browserName: chrome, chrome: {chromedriverVersion: 72.0.3626.69 (3c16f8a135abc..., userDataDir: C:\Users\RAVI~1.AHU\AppData...}, cssSelectorsEnabled: true, databaseEnabled: false, goog:chromeOptions: {debuggerAddress: localhost:64811}, handlesAlerts: true, hasTouchScreen: false, javascriptEnabled: true, locationContextEnabled: true, mobileEmulationEnabled: false, nativeEvents: true, networkConnectionEnabled: false, pageLoadStrategy: normal, platform: XP, platformName: XP, proxy: Proxy(), rotatable: false, setWindowRect: true, takesHeapSnapshot: true, takesScreenshot: true, timeouts: {implicit: 0, pageLoad: 300000, script: 30000}, unexpectedAlertBehaviour: ignore, unhandledPromptBehavior: ignore, version: 85.0.4183.83, webStorageEnabled: true}
Session ID: dfc5154497915b5f3c7ec36ab4f5bf6f
*** Element info: {Using=xpath, value=//div[@class='question-supplier']/div/div/div/div[@class='radio-btn yes-btn']}
</error>
  </testcase>
  <testcase name="| https://bdef256b4bd23af1:669ea24b26ea286da0f3803b875642c7@energy-journey-ui-staging.makeiteasy.com | KT64DU | Jeevat LTD | Ravi Ahuja | test@test.test | 07555555555 | Fredericks | 04 | 807 | 205 | 10 | 12863966 | 474 | British Gas | 250 |" classname="| https://bdef256b4bd23af1:669ea24b26ea286da0f3803b875642c7@energy-journey-ui-staging.makeiteasy.com | KT64DU | Jeevat LTD | Ravi Ahuja | test@test.test | 07555555555 | Fredericks | 04 | 807 | 205 | 10 | 12863966 | 474 | British Gas | 250 |" time="0.009">
    <error message="no such element: Unable to locate element: {&quot;method&quot;:&quot;xpath&quot;,&quot;selector&quot;:&quot;//div[@class=&apos;question-supplier&apos;]/div/div/div/div[@class=&apos;radio-btn yes-btn&apos;]&quot;}&#10;  (Session info: chrome=85.0.4183.83)&#10;  (Driver info: chromedriver=72.0.3626.69 (3c16f8a135abc0d4da2dff33804db79b849a7c38),platform=Windows NT 10.0.18363 x86_64) (WARNING: The server did not provide any stacktrace information)&#10;Command duration or timeout: 0 milliseconds&#10;For documentation on this error, please visit: https://www.seleniumhq.org/exceptions/no_such_element.html&#10;Build info: version: &apos;3.141.59&apos;, revision: &apos;e82be7d358&apos;, time: &apos;2018-11-14T08:17:03&apos;&#10;System info: host: &apos;MIC-LAP225&apos;, ip: &apos;192.168.0.17&apos;, os.name: &apos;Windows 10&apos;, os.arch: &apos;amd64&apos;, os.version: &apos;10.0&apos;, java.version: &apos;1.8.0_212-release&apos;&#10;Driver info: org.openqa.selenium.chrome.ChromeDriver&#10;Capabilities {acceptInsecureCerts: false, acceptSslCerts: false, applicationCacheEnabled: false, browserConnectionEnabled: false, browserName: chrome, chrome: {chromedriverVersion: 72.0.3626.69 (3c16f8a135abc..., userDataDir: C:\Users\RAVI~1.AHU\AppData...}, cssSelectorsEnabled: true, databaseEnabled: false, goog:chromeOptions: {debuggerAddress: localhost:64811}, handlesAlerts: true, hasTouchScreen: false, javascriptEnabled: true, locationContextEnabled: true, mobileEmulationEnabled: false, nativeEvents: true, networkConnectionEnabled: false, pageLoadStrategy: normal, platform: XP, platformName: XP, proxy: Proxy(), rotatable: false, setWindowRect: true, takesHeapSnapshot: true, takesScreenshot: true, timeouts: {implicit: 0, pageLoad: 300000, script: 30000}, unexpectedAlertBehaviour: ignore, unhandledPromptBehavior: ignore, version: 85.0.4183.83, webStorageEnabled: true}&#10;Session ID: dfc5154497915b5f3c7ec36ab4f5bf6f&#10;*** Element info: {Using=xpath, value=//div[@class=&apos;question-supplier&apos;]/div/div/div/div[@class=&apos;radio-btn yes-btn&apos;]}" type="org.openqa.selenium.NoSuchElementException">org.openqa.selenium.NoSuchElementException: 
no such element: Unable to locate element: {"method":"xpath","selector":"//div[@class='question-supplier']/div/div/div/div[@class='radio-btn yes-btn']"}
  (Session info: chrome=85.0.4183.83)
  (Driver info: chromedriver=72.0.3626.69 (3c16f8a135abc0d4da2dff33804db79b849a7c38),platform=Windows NT 10.0.18363 x86_64) (WARNING: The server did not provide any stacktrace information)
Command duration or timeout: 0 milliseconds
For documentation on this error, please visit: https://www.seleniumhq.org/exceptions/no_such_element.html
Build info: version: '3.141.59', revision: 'e82be7d358', time: '2018-11-14T08:17:03'
System info: host: 'MIC-LAP225', ip: '192.168.0.17', os.name: 'Windows 10', os.arch: 'amd64', os.version: '10.0', java.version: '1.8.0_212-release'
Driver info: org.openqa.selenium.chrome.ChromeDriver
Capabilities {acceptInsecureCerts: false, acceptSslCerts: false, applicationCacheEnabled: false, browserConnectionEnabled: false, browserName: chrome, chrome: {chromedriverVersion: 72.0.3626.69 (3c16f8a135abc..., userDataDir: C:\Users\RAVI~1.AHU\AppData...}, cssSelectorsEnabled: true, databaseEnabled: false, goog:chromeOptions: {debuggerAddress: localhost:64811}, handlesAlerts: true, hasTouchScreen: false, javascriptEnabled: true, locationContextEnabled: true, mobileEmulationEnabled: false, nativeEvents: true, networkConnectionEnabled: false, pageLoadStrategy: normal, platform: XP, platformName: XP, proxy: Proxy(), rotatable: false, setWindowRect: true, takesHeapSnapshot: true, takesScreenshot: true, timeouts: {implicit: 0, pageLoad: 300000, script: 30000}, unexpectedAlertBehaviour: ignore, unhandledPromptBehavior: ignore, version: 85.0.4183.83, webStorageEnabled: true}
Session ID: dfc5154497915b5f3c7ec36ab4f5bf6f
*** Element info: {Using=xpath, value=//div[@class='question-supplier']/div/div/div/div[@class='radio-btn yes-btn']}
</error>
  </testcase>
  <testcase name="And I select supplier &quot;British Gas&quot;" classname="| https://bdef256b4bd23af1:669ea24b26ea286da0f3803b875642c7@energy-journey-ui-staging.makeiteasy.com | KT64DU | Jeevat LTD | Ravi Ahuja | test@test.test | 07555555555 | Fredericks | 04 | 807 | 205 | 10 | 12863966 | 474 | British Gas | 250 |" time="0">
    <skipped/>
  </testcase>
  <testcase name="And I select yes option for electricity usage" classname="| https://bdef256b4bd23af1:669ea24b26ea286da0f3803b875642c7@energy-journey-ui-staging.makeiteasy.com | KT64DU | Jeevat LTD | Ravi Ahuja | test@test.test | 07555555555 | Fredericks | 04 | 807 | 205 | 10 | 12863966 | 474 | British Gas | 250 |" time="0">
    <skipped/>
  </testcase>
  <testcase name="And I enter kWh usage &quot;250&quot;" classname="| https://bdef256b4bd23af1:669ea24b26ea286da0f3803b875642c7@energy-journey-ui-staging.makeiteasy.com | KT64DU | Jeevat LTD | Ravi Ahuja | test@test.test | 07555555555 | Fredericks | 04 | 807 | 205 | 10 | 12863966 | 474 | British Gas | 250 |" time="0">
    <skipped/>
  </testcase>
  <testcase name="And I click Next after entering Usage" classname="| https://bdef256b4bd23af1:669ea24b26ea286da0f3803b875642c7@energy-journey-ui-staging.makeiteasy.com | KT64DU | Jeevat LTD | Ravi Ahuja | test@test.test | 07555555555 | Fredericks | 04 | 807 | 205 | 10 | 12863966 | 474 | British Gas | 250 |" time="0">
    <skipped/>
  </testcase>
  <testcase name="And I click I am not sure option" classname="| https://bdef256b4bd23af1:669ea24b26ea286da0f3803b875642c7@energy-journey-ui-staging.makeiteasy.com | KT64DU | Jeevat LTD | Ravi Ahuja | test@test.test | 07555555555 | Fredericks | 04 | 807 | 205 | 10 | 12863966 | 474 | British Gas | 250 |" time="0">
    <skipped/>
  </testcase>
  <testcase name="And I click Schedule for later (if on chat page)" classname="| https://bdef256b4bd23af1:669ea24b26ea286da0f3803b875642c7@energy-journey-ui-staging.makeiteasy.com | KT64DU | Jeevat LTD | Ravi Ahuja | test@test.test | 07555555555 | Fredericks | 04 | 807 | 205 | 10 | 12863966 | 474 | British Gas | 250 |" time="0">
    <skipped/>
  </testcase>
  <testcase name="And I select Time from dropdown" classname="| https://bdef256b4bd23af1:669ea24b26ea286da0f3803b875642c7@energy-journey-ui-staging.makeiteasy.com | KT64DU | Jeevat LTD | Ravi Ahuja | test@test.test | 07555555555 | Fredericks | 04 | 807 | 205 | 10 | 12863966 | 474 | British Gas | 250 |" time="0">
    <skipped/>
  </testcase>
  <testcase name="And I enter full name &quot;Ravi Ahuja&quot;" classname="| https://bdef256b4bd23af1:669ea24b26ea286da0f3803b875642c7@energy-journey-ui-staging.makeiteasy.com | KT64DU | Jeevat LTD | Ravi Ahuja | test@test.test | 07555555555 | Fredericks | 04 | 807 | 205 | 10 | 12863966 | 474 | British Gas | 250 |" time="0">
    <skipped/>
  </testcase>
  <testcase name="And I enter email address &quot;test@test.test&quot;" classname="| https://bdef256b4bd23af1:669ea24b26ea286da0f3803b875642c7@energy-journey-ui-staging.makeiteasy.com | KT64DU | Jeevat LTD | Ravi Ahuja | test@test.test | 07555555555 | Fredericks | 04 | 807 | 205 | 10 | 12863966 | 474 | British Gas | 250 |" time="0">
    <skipped/>
  </testcase>
  <testcase name="And I enter phone number &quot;07555555555&quot;" classname="| https://bdef256b4bd23af1:669ea24b26ea286da0f3803b875642c7@energy-journey-ui-staging.makeiteasy.com | KT64DU | Jeevat LTD | Ravi Ahuja | test@test.test | 07555555555 | Fredericks | 04 | 807 | 205 | 10 | 12863966 | 474 | British Gas | 250 |" time="0">
    <skipped/>
  </testcase>
  <testcase name="And I click Schedule call/Finalise Quote button" classname="| https://bdef256b4bd23af1:669ea24b26ea286da0f3803b875642c7@energy-journey-ui-staging.makeiteasy.com | KT64DU | Jeevat LTD | Ravi Ahuja | test@test.test | 07555555555 | Fredericks | 04 | 807 | 205 | 10 | 12863966 | 474 | British Gas | 250 |" time="0">
    <skipped/>
  </testcase>
  <testcase name="Then I navigate to electric lead schedule page" classname="| https://bdef256b4bd23af1:669ea24b26ea286da0f3803b875642c7@energy-journey-ui-staging.makeiteasy.com | KT64DU | Jeevat LTD | Ravi Ahuja | test@test.test | 07555555555 | Fredericks | 04 | 807 | 205 | 10 | 12863966 | 474 | British Gas | 250 |" time="0">
    <skipped/>
  </testcase>
  <testcase name="Given I navigate to bionic energy journey landing page with &quot;https://bdef256b4bd23af1:669ea24b26ea286da0f3803b875642c7@energy-journey-ui-staging.makeiteasy.com&quot;" classname="| https://bdef256b4bd23af1:669ea24b26ea286da0f3803b875642c7@energy-journey-ui-staging.makeiteasy.com | HA85BD | Jeevat LTD | Ravi Ahuja | test@test.test | 07555555555 | 49a Axholme Avenue | 04 | 807 | 205 | 10 | 12863966 | 474 | British Gas | 250 |" time="0"/>
  <testcase name="When I enter postcode &quot;HA85BD&quot;" classname="| https://bdef256b4bd23af1:669ea24b26ea286da0f3803b875642c7@energy-journey-ui-staging.makeiteasy.com | HA85BD | Jeevat LTD | Ravi Ahuja | test@test.test | 07555555555 | 49a Axholme Avenue | 04 | 807 | 205 | 10 | 12863966 | 474 | British Gas | 250 |" time="0"/>
  <testcase name="And I click Start Quote" classname="| https://bdef256b4bd23af1:669ea24b26ea286da0f3803b875642c7@energy-journey-ui-staging.makeiteasy.com | HA85BD | Jeevat LTD | Ravi Ahuja | test@test.test | 07555555555 | 49a Axholme Avenue | 04 | 807 | 205 | 10 | 12863966 | 474 | British Gas | 250 |" time="0"/>
  <testcase name="And I enter &quot;49a Axholme Avenue&quot; on search field" classname="| https://bdef256b4bd23af1:669ea24b26ea286da0f3803b875642c7@energy-journey-ui-staging.makeiteasy.com | HA85BD | Jeevat LTD | Ravi Ahuja | test@test.test | 07555555555 | 49a Axholme Avenue | 04 | 807 | 205 | 10 | 12863966 | 474 | British Gas | 250 |" time="0"/>
  <testcase name="And click on the address contains &quot;49a Axholme Avenue&quot;" classname="| https://bdef256b4bd23af1:669ea24b26ea286da0f3803b875642c7@energy-journey-ui-staging.makeiteasy.com | HA85BD | Jeevat LTD | Ravi Ahuja | test@test.test | 07555555555 | 49a Axholme Avenue | 04 | 807 | 205 | 10 | 12863966 | 474 | British Gas | 250 |" time="0"/>
  <testcase name="And I enter Business Name &quot;Jeevat LTD&quot;" classname="| https://bdef256b4bd23af1:669ea24b26ea286da0f3803b875642c7@energy-journey-ui-staging.makeiteasy.com | HA85BD | Jeevat LTD | Ravi Ahuja | test@test.test | 07555555555 | 49a Axholme Avenue | 04 | 807 | 205 | 10 | 12863966 | 474 | British Gas | 250 |" time="0"/>
  <testcase name="And I click Next from business name page" classname="| https://bdef256b4bd23af1:669ea24b26ea286da0f3803b875642c7@energy-journey-ui-staging.makeiteasy.com | HA85BD | Jeevat LTD | Ravi Ahuja | test@test.test | 07555555555 | 49a Axholme Avenue | 04 | 807 | 205 | 10 | 12863966 | 474 | British Gas | 250 |" time="0"/>
  <testcase name="And I click on Electricity button" classname="| https://bdef256b4bd23af1:669ea24b26ea286da0f3803b875642c7@energy-journey-ui-staging.makeiteasy.com | HA85BD | Jeevat LTD | Ravi Ahuja | test@test.test | 07555555555 | 49a Axholme Avenue | 04 | 807 | 205 | 10 | 12863966 | 474 | British Gas | 250 |" time="0"/>
  <testcase name="And I click Yes from industry data agreement page" classname="| https://bdef256b4bd23af1:669ea24b26ea286da0f3803b875642c7@energy-journey-ui-staging.makeiteasy.com | HA85BD | Jeevat LTD | Ravi Ahuja | test@test.test | 07555555555 | 49a Axholme Avenue | 04 | 807 | 205 | 10 | 12863966 | 474 | British Gas | 250 |" time="0"/>
  <testcase name="And I click yes option for do you know your MPAN" classname="| https://bdef256b4bd23af1:669ea24b26ea286da0f3803b875642c7@energy-journey-ui-staging.makeiteasy.com | HA85BD | Jeevat LTD | Ravi Ahuja | test@test.test | 07555555555 | 49a Axholme Avenue | 04 | 807 | 205 | 10 | 12863966 | 474 | British Gas | 250 |" time="0"/>
  <testcase name="And I enter MPAN numbere &quot;04&quot; &quot;807&quot; &quot;205&quot; &quot;10&quot; &quot;12863966&quot; &quot;474&quot;" classname="| https://bdef256b4bd23af1:669ea24b26ea286da0f3803b875642c7@energy-journey-ui-staging.makeiteasy.com | HA85BD | Jeevat LTD | Ravi Ahuja | test@test.test | 07555555555 | 49a Axholme Avenue | 04 | 807 | 205 | 10 | 12863966 | 474 | British Gas | 250 |" time="0"/>
  <testcase name="And I click Next after entering MPAN" classname="| https://bdef256b4bd23af1:669ea24b26ea286da0f3803b875642c7@energy-journey-ui-staging.makeiteasy.com | HA85BD | Jeevat LTD | Ravi Ahuja | test@test.test | 07555555555 | 49a Axholme Avenue | 04 | 807 | 205 | 10 | 12863966 | 474 | British Gas | 250 |" time="0"/>
  <testcase name="And I click yes option for electricity supplier" classname="| https://bdef256b4bd23af1:669ea24b26ea286da0f3803b875642c7@energy-journey-ui-staging.makeiteasy.com | HA85BD | Jeevat LTD | Ravi Ahuja | test@test.test | 07555555555 | 49a Axholme Avenue | 04 | 807 | 205 | 10 | 12863966 | 474 | British Gas | 250 |" time="0.002">
    <error message="no such element: Unable to locate element: {&quot;method&quot;:&quot;xpath&quot;,&quot;selector&quot;:&quot;//div[@class=&apos;question-supplier&apos;]/div/div/div/div[@class=&apos;radio-btn yes-btn&apos;]&quot;}&#10;  (Session info: chrome=85.0.4183.83)&#10;  (Driver info: chromedriver=72.0.3626.69 (3c16f8a135abc0d4da2dff33804db79b849a7c38),platform=Windows NT 10.0.18363 x86_64) (WARNING: The server did not provide any stacktrace information)&#10;Command duration or timeout: 0 milliseconds&#10;For documentation on this error, please visit: https://www.seleniumhq.org/exceptions/no_such_element.html&#10;Build info: version: &apos;3.141.59&apos;, revision: &apos;e82be7d358&apos;, time: &apos;2018-11-14T08:17:03&apos;&#10;System info: host: &apos;MIC-LAP225&apos;, ip: &apos;192.168.0.17&apos;, os.name: &apos;Windows 10&apos;, os.arch: &apos;amd64&apos;, os.version: &apos;10.0&apos;, java.version: &apos;1.8.0_212-release&apos;&#10;Driver info: org.openqa.selenium.chrome.ChromeDriver&#10;Capabilities {acceptInsecureCerts: false, acceptSslCerts: false, applicationCacheEnabled: false, browserConnectionEnabled: false, browserName: chrome, chrome: {chromedriverVersion: 72.0.3626.69 (3c16f8a135abc..., userDataDir: C:\Users\RAVI~1.AHU\AppData...}, cssSelectorsEnabled: true, databaseEnabled: false, goog:chromeOptions: {debuggerAddress: localhost:64942}, handlesAlerts: true, hasTouchScreen: false, javascriptEnabled: true, locationContextEnabled: true, mobileEmulationEnabled: false, nativeEvents: true, networkConnectionEnabled: false, pageLoadStrategy: normal, platform: XP, platformName: XP, proxy: Proxy(), rotatable: false, setWindowRect: true, takesHeapSnapshot: true, takesScreenshot: true, timeouts: {implicit: 0, pageLoad: 300000, script: 30000}, unexpectedAlertBehaviour: ignore, unhandledPromptBehavior: ignore, version: 85.0.4183.83, webStorageEnabled: true}&#10;Session ID: bf94c7b870cbaedb42aa919ec18ce5b7&#10;*** Element info: {Using=xpath, value=//div[@class=&apos;question-supplier&apos;]/div/div/div/div[@class=&apos;radio-btn yes-btn&apos;]}" type="org.openqa.selenium.NoSuchElementException">org.openqa.selenium.NoSuchElementException: 
no such element: Unable to locate element: {"method":"xpath","selector":"//div[@class='question-supplier']/div/div/div/div[@class='radio-btn yes-btn']"}
  (Session info: chrome=85.0.4183.83)
  (Driver info: chromedriver=72.0.3626.69 (3c16f8a135abc0d4da2dff33804db79b849a7c38),platform=Windows NT 10.0.18363 x86_64) (WARNING: The server did not provide any stacktrace information)
Command duration or timeout: 0 milliseconds
For documentation on this error, please visit: https://www.seleniumhq.org/exceptions/no_such_element.html
Build info: version: '3.141.59', revision: 'e82be7d358', time: '2018-11-14T08:17:03'
System info: host: 'MIC-LAP225', ip: '192.168.0.17', os.name: 'Windows 10', os.arch: 'amd64', os.version: '10.0', java.version: '1.8.0_212-release'
Driver info: org.openqa.selenium.chrome.ChromeDriver
Capabilities {acceptInsecureCerts: false, acceptSslCerts: false, applicationCacheEnabled: false, browserConnectionEnabled: false, browserName: chrome, chrome: {chromedriverVersion: 72.0.3626.69 (3c16f8a135abc..., userDataDir: C:\Users\RAVI~1.AHU\AppData...}, cssSelectorsEnabled: true, databaseEnabled: false, goog:chromeOptions: {debuggerAddress: localhost:64942}, handlesAlerts: true, hasTouchScreen: false, javascriptEnabled: true, locationContextEnabled: true, mobileEmulationEnabled: false, nativeEvents: true, networkConnectionEnabled: false, pageLoadStrategy: normal, platform: XP, platformName: XP, proxy: Proxy(), rotatable: false, setWindowRect: true, takesHeapSnapshot: true, takesScreenshot: true, timeouts: {implicit: 0, pageLoad: 300000, script: 30000}, unexpectedAlertBehaviour: ignore, unhandledPromptBehavior: ignore, version: 85.0.4183.83, webStorageEnabled: true}
Session ID: bf94c7b870cbaedb42aa919ec18ce5b7
*** Element info: {Using=xpath, value=//div[@class='question-supplier']/div/div/div/div[@class='radio-btn yes-btn']}
</error>
  </testcase>
  <testcase name="| https://bdef256b4bd23af1:669ea24b26ea286da0f3803b875642c7@energy-journey-ui-staging.makeiteasy.com | HA85BD | Jeevat LTD | Ravi Ahuja | test@test.test | 07555555555 | 49a Axholme Avenue | 04 | 807 | 205 | 10 | 12863966 | 474 | British Gas | 250 |" classname="| https://bdef256b4bd23af1:669ea24b26ea286da0f3803b875642c7@energy-journey-ui-staging.makeiteasy.com | HA85BD | Jeevat LTD | Ravi Ahuja | test@test.test | 07555555555 | 49a Axholme Avenue | 04 | 807 | 205 | 10 | 12863966 | 474 | British Gas | 250 |" time="0.003">
    <error message="no such element: Unable to locate element: {&quot;method&quot;:&quot;xpath&quot;,&quot;selector&quot;:&quot;//div[@class=&apos;question-supplier&apos;]/div/div/div/div[@class=&apos;radio-btn yes-btn&apos;]&quot;}&#10;  (Session info: chrome=85.0.4183.83)&#10;  (Driver info: chromedriver=72.0.3626.69 (3c16f8a135abc0d4da2dff33804db79b849a7c38),platform=Windows NT 10.0.18363 x86_64) (WARNING: The server did not provide any stacktrace information)&#10;Command duration or timeout: 0 milliseconds&#10;For documentation on this error, please visit: https://www.seleniumhq.org/exceptions/no_such_element.html&#10;Build info: version: &apos;3.141.59&apos;, revision: &apos;e82be7d358&apos;, time: &apos;2018-11-14T08:17:03&apos;&#10;System info: host: &apos;MIC-LAP225&apos;, ip: &apos;192.168.0.17&apos;, os.name: &apos;Windows 10&apos;, os.arch: &apos;amd64&apos;, os.version: &apos;10.0&apos;, java.version: &apos;1.8.0_212-release&apos;&#10;Driver info: org.openqa.selenium.chrome.ChromeDriver&#10;Capabilities {acceptInsecureCerts: false, acceptSslCerts: false, applicationCacheEnabled: false, browserConnectionEnabled: false, browserName: chrome, chrome: {chromedriverVersion: 72.0.3626.69 (3c16f8a135abc..., userDataDir: C:\Users\RAVI~1.AHU\AppData...}, cssSelectorsEnabled: true, databaseEnabled: false, goog:chromeOptions: {debuggerAddress: localhost:64942}, handlesAlerts: true, hasTouchScreen: false, javascriptEnabled: true, locationContextEnabled: true, mobileEmulationEnabled: false, nativeEvents: true, networkConnectionEnabled: false, pageLoadStrategy: normal, platform: XP, platformName: XP, proxy: Proxy(), rotatable: false, setWindowRect: true, takesHeapSnapshot: true, takesScreenshot: true, timeouts: {implicit: 0, pageLoad: 300000, script: 30000}, unexpectedAlertBehaviour: ignore, unhandledPromptBehavior: ignore, version: 85.0.4183.83, webStorageEnabled: true}&#10;Session ID: bf94c7b870cbaedb42aa919ec18ce5b7&#10;*** Element info: {Using=xpath, value=//div[@class=&apos;question-supplier&apos;]/div/div/div/div[@class=&apos;radio-btn yes-btn&apos;]}" type="org.openqa.selenium.NoSuchElementException">org.openqa.selenium.NoSuchElementException: 
no such element: Unable to locate element: {"method":"xpath","selector":"//div[@class='question-supplier']/div/div/div/div[@class='radio-btn yes-btn']"}
  (Session info: chrome=85.0.4183.83)
  (Driver info: chromedriver=72.0.3626.69 (3c16f8a135abc0d4da2dff33804db79b849a7c38),platform=Windows NT 10.0.18363 x86_64) (WARNING: The server did not provide any stacktrace information)
Command duration or timeout: 0 milliseconds
For documentation on this error, please visit: https://www.seleniumhq.org/exceptions/no_such_element.html
Build info: version: '3.141.59', revision: 'e82be7d358', time: '2018-11-14T08:17:03'
System info: host: 'MIC-LAP225', ip: '192.168.0.17', os.name: 'Windows 10', os.arch: 'amd64', os.version: '10.0', java.version: '1.8.0_212-release'
Driver info: org.openqa.selenium.chrome.ChromeDriver
Capabilities {acceptInsecureCerts: false, acceptSslCerts: false, applicationCacheEnabled: false, browserConnectionEnabled: false, browserName: chrome, chrome: {chromedriverVersion: 72.0.3626.69 (3c16f8a135abc..., userDataDir: C:\Users\RAVI~1.AHU\AppData...}, cssSelectorsEnabled: true, databaseEnabled: false, goog:chromeOptions: {debuggerAddress: localhost:64942}, handlesAlerts: true, hasTouchScreen: false, javascriptEnabled: true, locationContextEnabled: true, mobileEmulationEnabled: false, nativeEvents: true, networkConnectionEnabled: false, pageLoadStrategy: normal, platform: XP, platformName: XP, proxy: Proxy(), rotatable: false, setWindowRect: true, takesHeapSnapshot: true, takesScreenshot: true, timeouts: {implicit: 0, pageLoad: 300000, script: 30000}, unexpectedAlertBehaviour: ignore, unhandledPromptBehavior: ignore, version: 85.0.4183.83, webStorageEnabled: true}
Session ID: bf94c7b870cbaedb42aa919ec18ce5b7
*** Element info: {Using=xpath, value=//div[@class='question-supplier']/div/div/div/div[@class='radio-btn yes-btn']}
</error>
  </testcase>
  <testcase name="And I select supplier &quot;British Gas&quot;" classname="| https://bdef256b4bd23af1:669ea24b26ea286da0f3803b875642c7@energy-journey-ui-staging.makeiteasy.com | HA85BD | Jeevat LTD | Ravi Ahuja | test@test.test | 07555555555 | 49a Axholme Avenue | 04 | 807 | 205 | 10 | 12863966 | 474 | British Gas | 250 |" time="0">
    <skipped/>
  </testcase>
  <testcase name="And I select yes option for electricity usage" classname="| https://bdef256b4bd23af1:669ea24b26ea286da0f3803b875642c7@energy-journey-ui-staging.makeiteasy.com | HA85BD | Jeevat LTD | Ravi Ahuja | test@test.test | 07555555555 | 49a Axholme Avenue | 04 | 807 | 205 | 10 | 12863966 | 474 | British Gas | 250 |" time="0">
    <skipped/>
  </testcase>
  <testcase name="And I enter kWh usage &quot;250&quot;" classname="| https://bdef256b4bd23af1:669ea24b26ea286da0f3803b875642c7@energy-journey-ui-staging.makeiteasy.com | HA85BD | Jeevat LTD | Ravi Ahuja | test@test.test | 07555555555 | 49a Axholme Avenue | 04 | 807 | 205 | 10 | 12863966 | 474 | British Gas | 250 |" time="0">
    <skipped/>
  </testcase>
  <testcase name="And I click Next after entering Usage" classname="| https://bdef256b4bd23af1:669ea24b26ea286da0f3803b875642c7@energy-journey-ui-staging.makeiteasy.com | HA85BD | Jeevat LTD | Ravi Ahuja | test@test.test | 07555555555 | 49a Axholme Avenue | 04 | 807 | 205 | 10 | 12863966 | 474 | British Gas | 250 |" time="0">
    <skipped/>
  </testcase>
  <testcase name="And I click I am not sure option" classname="| https://bdef256b4bd23af1:669ea24b26ea286da0f3803b875642c7@energy-journey-ui-staging.makeiteasy.com | HA85BD | Jeevat LTD | Ravi Ahuja | test@test.test | 07555555555 | 49a Axholme Avenue | 04 | 807 | 205 | 10 | 12863966 | 474 | British Gas | 250 |" time="0">
    <skipped/>
  </testcase>
  <testcase name="And I click Schedule for later (if on chat page)" classname="| https://bdef256b4bd23af1:669ea24b26ea286da0f3803b875642c7@energy-journey-ui-staging.makeiteasy.com | HA85BD | Jeevat LTD | Ravi Ahuja | test@test.test | 07555555555 | 49a Axholme Avenue | 04 | 807 | 205 | 10 | 12863966 | 474 | British Gas | 250 |" time="0">
    <skipped/>
  </testcase>
  <testcase name="And I select Time from dropdown" classname="| https://bdef256b4bd23af1:669ea24b26ea286da0f3803b875642c7@energy-journey-ui-staging.makeiteasy.com | HA85BD | Jeevat LTD | Ravi Ahuja | test@test.test | 07555555555 | 49a Axholme Avenue | 04 | 807 | 205 | 10 | 12863966 | 474 | British Gas | 250 |" time="0">
    <skipped/>
  </testcase>
  <testcase name="And I enter full name &quot;Ravi Ahuja&quot;" classname="| https://bdef256b4bd23af1:669ea24b26ea286da0f3803b875642c7@energy-journey-ui-staging.makeiteasy.com | HA85BD | Jeevat LTD | Ravi Ahuja | test@test.test | 07555555555 | 49a Axholme Avenue | 04 | 807 | 205 | 10 | 12863966 | 474 | British Gas | 250 |" time="0">
    <skipped/>
  </testcase>
  <testcase name="And I enter email address &quot;test@test.test&quot;" classname="| https://bdef256b4bd23af1:669ea24b26ea286da0f3803b875642c7@energy-journey-ui-staging.makeiteasy.com | HA85BD | Jeevat LTD | Ravi Ahuja | test@test.test | 07555555555 | 49a Axholme Avenue | 04 | 807 | 205 | 10 | 12863966 | 474 | British Gas | 250 |" time="0">
    <skipped/>
  </testcase>
  <testcase name="And I enter phone number &quot;07555555555&quot;" classname="| https://bdef256b4bd23af1:669ea24b26ea286da0f3803b875642c7@energy-journey-ui-staging.makeiteasy.com | HA85BD | Jeevat LTD | Ravi Ahuja | test@test.test | 07555555555 | 49a Axholme Avenue | 04 | 807 | 205 | 10 | 12863966 | 474 | British Gas | 250 |" time="0">
    <skipped/>
  </testcase>
  <testcase name="And I click Schedule call/Finalise Quote button" classname="| https://bdef256b4bd23af1:669ea24b26ea286da0f3803b875642c7@energy-journey-ui-staging.makeiteasy.com | HA85BD | Jeevat LTD | Ravi Ahuja | test@test.test | 07555555555 | 49a Axholme Avenue | 04 | 807 | 205 | 10 | 12863966 | 474 | British Gas | 250 |" time="0">
    <skipped/>
  </testcase>
  <testcase name="Then I navigate to electric lead schedule page" classname="| https://bdef256b4bd23af1:669ea24b26ea286da0f3803b875642c7@energy-journey-ui-staging.makeiteasy.com | HA85BD | Jeevat LTD | Ravi Ahuja | test@test.test | 07555555555 | 49a Axholme Avenue | 04 | 807 | 205 | 10 | 12863966 | 474 | British Gas | 250 |" time="0">
    <skipped/>
  </testcase>
  <testcase name="Given I navigate to bionic energy journey landing page with &quot;https://bdef256b4bd23af1:669ea24b26ea286da0f3803b875642c7@energy-journey-ui-staging.makeiteasy.com&quot;" classname="| https://bdef256b4bd23af1:669ea24b26ea286da0f3803b875642c7@energy-journey-ui-staging.makeiteasy.com | KT64DU | Fredericks | Jeevat LTD | Ravi Ahuja | test@test.test | 07555555555 | Test Street | Test Street 2 | Hackney | Greater London | 04 | 807 | 205 | 10 | 12863966 | 474 | British Gas | 250 |" time="0"/>
  <testcase name="When I enter postcode &quot;KT64DU&quot;" classname="| https://bdef256b4bd23af1:669ea24b26ea286da0f3803b875642c7@energy-journey-ui-staging.makeiteasy.com | KT64DU | Fredericks | Jeevat LTD | Ravi Ahuja | test@test.test | 07555555555 | Test Street | Test Street 2 | Hackney | Greater London | 04 | 807 | 205 | 10 | 12863966 | 474 | British Gas | 250 |" time="0"/>
  <testcase name="And I click Start Quote" classname="| https://bdef256b4bd23af1:669ea24b26ea286da0f3803b875642c7@energy-journey-ui-staging.makeiteasy.com | KT64DU | Fredericks | Jeevat LTD | Ravi Ahuja | test@test.test | 07555555555 | Test Street | Test Street 2 | Hackney | Greater London | 04 | 807 | 205 | 10 | 12863966 | 474 | British Gas | 250 |" time="0"/>
  <testcase name="And I click Enter Manually link" classname="| https://bdef256b4bd23af1:669ea24b26ea286da0f3803b875642c7@energy-journey-ui-staging.makeiteasy.com | KT64DU | Fredericks | Jeevat LTD | Ravi Ahuja | test@test.test | 07555555555 | Test Street | Test Street 2 | Hackney | Greater London | 04 | 807 | 205 | 10 | 12863966 | 474 | British Gas | 250 |" time="0"/>
  <testcase name="And I enter Business Name &quot;Jeevat LTD&quot; on manual address page" classname="| https://bdef256b4bd23af1:669ea24b26ea286da0f3803b875642c7@energy-journey-ui-staging.makeiteasy.com | KT64DU | Fredericks | Jeevat LTD | Ravi Ahuja | test@test.test | 07555555555 | Test Street | Test Street 2 | Hackney | Greater London | 04 | 807 | 205 | 10 | 12863966 | 474 | British Gas | 250 |" time="0"/>
  <testcase name="And I enter Street Address one &quot;Test Street&quot; on manual address page" classname="| https://bdef256b4bd23af1:669ea24b26ea286da0f3803b875642c7@energy-journey-ui-staging.makeiteasy.com | KT64DU | Fredericks | Jeevat LTD | Ravi Ahuja | test@test.test | 07555555555 | Test Street | Test Street 2 | Hackney | Greater London | 04 | 807 | 205 | 10 | 12863966 | 474 | British Gas | 250 |" time="0"/>
  <testcase name="And I enter Street Address two &quot;Test Street 2&quot; on manual address page" classname="| https://bdef256b4bd23af1:669ea24b26ea286da0f3803b875642c7@energy-journey-ui-staging.makeiteasy.com | KT64DU | Fredericks | Jeevat LTD | Ravi Ahuja | test@test.test | 07555555555 | Test Street | Test Street 2 | Hackney | Greater London | 04 | 807 | 205 | 10 | 12863966 | 474 | British Gas | 250 |" time="0"/>
  <testcase name="And I enter Town &quot;Hackney&quot; on manual address page" classname="| https://bdef256b4bd23af1:669ea24b26ea286da0f3803b875642c7@energy-journey-ui-staging.makeiteasy.com | KT64DU | Fredericks | Jeevat LTD | Ravi Ahuja | test@test.test | 07555555555 | Test Street | Test Street 2 | Hackney | Greater London | 04 | 807 | 205 | 10 | 12863966 | 474 | British Gas | 250 |" time="0"/>
  <testcase name="And I enter County &quot;Greater London&quot; on manual address page" classname="| https://bdef256b4bd23af1:669ea24b26ea286da0f3803b875642c7@energy-journey-ui-staging.makeiteasy.com | KT64DU | Fredericks | Jeevat LTD | Ravi Ahuja | test@test.test | 07555555555 | Test Street | Test Street 2 | Hackney | Greater London | 04 | 807 | 205 | 10 | 12863966 | 474 | British Gas | 250 |" time="0"/>
  <testcase name="And I click Next on manual address page" classname="| https://bdef256b4bd23af1:669ea24b26ea286da0f3803b875642c7@energy-journey-ui-staging.makeiteasy.com | KT64DU | Fredericks | Jeevat LTD | Ravi Ahuja | test@test.test | 07555555555 | Test Street | Test Street 2 | Hackney | Greater London | 04 | 807 | 205 | 10 | 12863966 | 474 | British Gas | 250 |" time="0"/>
  <testcase name="And I click on Electricity button on manual address page" classname="| https://bdef256b4bd23af1:669ea24b26ea286da0f3803b875642c7@energy-journey-ui-staging.makeiteasy.com | KT64DU | Fredericks | Jeevat LTD | Ravi Ahuja | test@test.test | 07555555555 | Test Street | Test Street 2 | Hackney | Greater London | 04 | 807 | 205 | 10 | 12863966 | 474 | British Gas | 250 |" time="0"/>
  <testcase name="And I click yes option for do you know your MPAN" classname="| https://bdef256b4bd23af1:669ea24b26ea286da0f3803b875642c7@energy-journey-ui-staging.makeiteasy.com | KT64DU | Fredericks | Jeevat LTD | Ravi Ahuja | test@test.test | 07555555555 | Test Street | Test Street 2 | Hackney | Greater London | 04 | 807 | 205 | 10 | 12863966 | 474 | British Gas | 250 |" time="0"/>
  <testcase name="And I enter MPAN numbere &quot;04&quot; &quot;807&quot; &quot;205&quot; &quot;10&quot; &quot;12863966&quot; &quot;474&quot;" classname="| https://bdef256b4bd23af1:669ea24b26ea286da0f3803b875642c7@energy-journey-ui-staging.makeiteasy.com | KT64DU | Fredericks | Jeevat LTD | Ravi Ahuja | test@test.test | 07555555555 | Test Street | Test Street 2 | Hackney | Greater London | 04 | 807 | 205 | 10 | 12863966 | 474 | British Gas | 250 |" time="0"/>
  <testcase name="And I click Next after entering MPAN" classname="| https://bdef256b4bd23af1:669ea24b26ea286da0f3803b875642c7@energy-journey-ui-staging.makeiteasy.com | KT64DU | Fredericks | Jeevat LTD | Ravi Ahuja | test@test.test | 07555555555 | Test Street | Test Street 2 | Hackney | Greater London | 04 | 807 | 205 | 10 | 12863966 | 474 | British Gas | 250 |" time="0"/>
  <testcase name="And I click yes option for electricity supplier" classname="| https://bdef256b4bd23af1:669ea24b26ea286da0f3803b875642c7@energy-journey-ui-staging.makeiteasy.com | KT64DU | Fredericks | Jeevat LTD | Ravi Ahuja | test@test.test | 07555555555 | Test Street | Test Street 2 | Hackney | Greater London | 04 | 807 | 205 | 10 | 12863966 | 474 | British Gas | 250 |" time="0.001">
    <error message="no such element: Unable to locate element: {&quot;method&quot;:&quot;xpath&quot;,&quot;selector&quot;:&quot;//div[@class=&apos;question-supplier&apos;]/div/div/div/div[@class=&apos;radio-btn yes-btn&apos;]&quot;}&#10;  (Session info: chrome=85.0.4183.83)&#10;  (Driver info: chromedriver=72.0.3626.69 (3c16f8a135abc0d4da2dff33804db79b849a7c38),platform=Windows NT 10.0.18363 x86_64) (WARNING: The server did not provide any stacktrace information)&#10;Command duration or timeout: 0 milliseconds&#10;For documentation on this error, please visit: https://www.seleniumhq.org/exceptions/no_such_element.html&#10;Build info: version: &apos;3.141.59&apos;, revision: &apos;e82be7d358&apos;, time: &apos;2018-11-14T08:17:03&apos;&#10;System info: host: &apos;MIC-LAP225&apos;, ip: &apos;192.168.0.17&apos;, os.name: &apos;Windows 10&apos;, os.arch: &apos;amd64&apos;, os.version: &apos;10.0&apos;, java.version: &apos;1.8.0_212-release&apos;&#10;Driver info: org.openqa.selenium.chrome.ChromeDriver&#10;Capabilities {acceptInsecureCerts: false, acceptSslCerts: false, applicationCacheEnabled: false, browserConnectionEnabled: false, browserName: chrome, chrome: {chromedriverVersion: 72.0.3626.69 (3c16f8a135abc..., userDataDir: C:\Users\RAVI~1.AHU\AppData...}, cssSelectorsEnabled: true, databaseEnabled: false, goog:chromeOptions: {debuggerAddress: localhost:65065}, handlesAlerts: true, hasTouchScreen: false, javascriptEnabled: true, locationContextEnabled: true, mobileEmulationEnabled: false, nativeEvents: true, networkConnectionEnabled: false, pageLoadStrategy: normal, platform: XP, platformName: XP, proxy: Proxy(), rotatable: false, setWindowRect: true, takesHeapSnapshot: true, takesScreenshot: true, timeouts: {implicit: 0, pageLoad: 300000, script: 30000}, unexpectedAlertBehaviour: ignore, unhandledPromptBehavior: ignore, version: 85.0.4183.83, webStorageEnabled: true}&#10;Session ID: a343e98c5ae4019245d011258bdfa1aa&#10;*** Element info: {Using=xpath, value=//div[@class=&apos;question-supplier&apos;]/div/div/div/div[@class=&apos;radio-btn yes-btn&apos;]}" type="org.openqa.selenium.NoSuchElementException">org.openqa.selenium.NoSuchElementException: 
no such element: Unable to locate element: {"method":"xpath","selector":"//div[@class='question-supplier']/div/div/div/div[@class='radio-btn yes-btn']"}
  (Session info: chrome=85.0.4183.83)
  (Driver info: chromedriver=72.0.3626.69 (3c16f8a135abc0d4da2dff33804db79b849a7c38),platform=Windows NT 10.0.18363 x86_64) (WARNING: The server did not provide any stacktrace information)
Command duration or timeout: 0 milliseconds
For documentation on this error, please visit: https://www.seleniumhq.org/exceptions/no_such_element.html
Build info: version: '3.141.59', revision: 'e82be7d358', time: '2018-11-14T08:17:03'
System info: host: 'MIC-LAP225', ip: '192.168.0.17', os.name: 'Windows 10', os.arch: 'amd64', os.version: '10.0', java.version: '1.8.0_212-release'
Driver info: org.openqa.selenium.chrome.ChromeDriver
Capabilities {acceptInsecureCerts: false, acceptSslCerts: false, applicationCacheEnabled: false, browserConnectionEnabled: false, browserName: chrome, chrome: {chromedriverVersion: 72.0.3626.69 (3c16f8a135abc..., userDataDir: C:\Users\RAVI~1.AHU\AppData...}, cssSelectorsEnabled: true, databaseEnabled: false, goog:chromeOptions: {debuggerAddress: localhost:65065}, handlesAlerts: true, hasTouchScreen: false, javascriptEnabled: true, locationContextEnabled: true, mobileEmulationEnabled: false, nativeEvents: true, networkConnectionEnabled: false, pageLoadStrategy: normal, platform: XP, platformName: XP, proxy: Proxy(), rotatable: false, setWindowRect: true, takesHeapSnapshot: true, takesScreenshot: true, timeouts: {implicit: 0, pageLoad: 300000, script: 30000}, unexpectedAlertBehaviour: ignore, unhandledPromptBehavior: ignore, version: 85.0.4183.83, webStorageEnabled: true}
Session ID: a343e98c5ae4019245d011258bdfa1aa
*** Element info: {Using=xpath, value=//div[@class='question-supplier']/div/div/div/div[@class='radio-btn yes-btn']}
</error>
  </testcase>
  <testcase name="| https://bdef256b4bd23af1:669ea24b26ea286da0f3803b875642c7@energy-journey-ui-staging.makeiteasy.com | KT64DU | Fredericks | Jeevat LTD | Ravi Ahuja | test@test.test | 07555555555 | Test Street | Test Street 2 | Hackney | Greater London | 04 | 807 | 205 | 10 | 12863966 | 474 | British Gas | 250 |" classname="| https://bdef256b4bd23af1:669ea24b26ea286da0f3803b875642c7@energy-journey-ui-staging.makeiteasy.com | KT64DU | Fredericks | Jeevat LTD | Ravi Ahuja | test@test.test | 07555555555 | Test Street | Test Street 2 | Hackney | Greater London | 04 | 807 | 205 | 10 | 12863966 | 474 | British Gas | 250 |" time="0.003">
    <error message="no such element: Unable to locate element: {&quot;method&quot;:&quot;xpath&quot;,&quot;selector&quot;:&quot;//div[@class=&apos;question-supplier&apos;]/div/div/div/div[@class=&apos;radio-btn yes-btn&apos;]&quot;}&#10;  (Session info: chrome=85.0.4183.83)&#10;  (Driver info: chromedriver=72.0.3626.69 (3c16f8a135abc0d4da2dff33804db79b849a7c38),platform=Windows NT 10.0.18363 x86_64) (WARNING: The server did not provide any stacktrace information)&#10;Command duration or timeout: 0 milliseconds&#10;For documentation on this error, please visit: https://www.seleniumhq.org/exceptions/no_such_element.html&#10;Build info: version: &apos;3.141.59&apos;, revision: &apos;e82be7d358&apos;, time: &apos;2018-11-14T08:17:03&apos;&#10;System info: host: &apos;MIC-LAP225&apos;, ip: &apos;192.168.0.17&apos;, os.name: &apos;Windows 10&apos;, os.arch: &apos;amd64&apos;, os.version: &apos;10.0&apos;, java.version: &apos;1.8.0_212-release&apos;&#10;Driver info: org.openqa.selenium.chrome.ChromeDriver&#10;Capabilities {acceptInsecureCerts: false, acceptSslCerts: false, applicationCacheEnabled: false, browserConnectionEnabled: false, browserName: chrome, chrome: {chromedriverVersion: 72.0.3626.69 (3c16f8a135abc..., userDataDir: C:\Users\RAVI~1.AHU\AppData...}, cssSelectorsEnabled: true, databaseEnabled: false, goog:chromeOptions: {debuggerAddress: localhost:65065}, handlesAlerts: true, hasTouchScreen: false, javascriptEnabled: true, locationContextEnabled: true, mobileEmulationEnabled: false, nativeEvents: true, networkConnectionEnabled: false, pageLoadStrategy: normal, platform: XP, platformName: XP, proxy: Proxy(), rotatable: false, setWindowRect: true, takesHeapSnapshot: true, takesScreenshot: true, timeouts: {implicit: 0, pageLoad: 300000, script: 30000}, unexpectedAlertBehaviour: ignore, unhandledPromptBehavior: ignore, version: 85.0.4183.83, webStorageEnabled: true}&#10;Session ID: a343e98c5ae4019245d011258bdfa1aa&#10;*** Element info: {Using=xpath, value=//div[@class=&apos;question-supplier&apos;]/div/div/div/div[@class=&apos;radio-btn yes-btn&apos;]}" type="org.openqa.selenium.NoSuchElementException">org.openqa.selenium.NoSuchElementException: 
no such element: Unable to locate element: {"method":"xpath","selector":"//div[@class='question-supplier']/div/div/div/div[@class='radio-btn yes-btn']"}
  (Session info: chrome=85.0.4183.83)
  (Driver info: chromedriver=72.0.3626.69 (3c16f8a135abc0d4da2dff33804db79b849a7c38),platform=Windows NT 10.0.18363 x86_64) (WARNING: The server did not provide any stacktrace information)
Command duration or timeout: 0 milliseconds
For documentation on this error, please visit: https://www.seleniumhq.org/exceptions/no_such_element.html
Build info: version: '3.141.59', revision: 'e82be7d358', time: '2018-11-14T08:17:03'
System info: host: 'MIC-LAP225', ip: '192.168.0.17', os.name: 'Windows 10', os.arch: 'amd64', os.version: '10.0', java.version: '1.8.0_212-release'
Driver info: org.openqa.selenium.chrome.ChromeDriver
Capabilities {acceptInsecureCerts: false, acceptSslCerts: false, applicationCacheEnabled: false, browserConnectionEnabled: false, browserName: chrome, chrome: {chromedriverVersion: 72.0.3626.69 (3c16f8a135abc..., userDataDir: C:\Users\RAVI~1.AHU\AppData...}, cssSelectorsEnabled: true, databaseEnabled: false, goog:chromeOptions: {debuggerAddress: localhost:65065}, handlesAlerts: true, hasTouchScreen: false, javascriptEnabled: true, locationContextEnabled: true, mobileEmulationEnabled: false, nativeEvents: true, networkConnectionEnabled: false, pageLoadStrategy: normal, platform: XP, platformName: XP, proxy: Proxy(), rotatable: false, setWindowRect: true, takesHeapSnapshot: true, takesScreenshot: true, timeouts: {implicit: 0, pageLoad: 300000, script: 30000}, unexpectedAlertBehaviour: ignore, unhandledPromptBehavior: ignore, version: 85.0.4183.83, webStorageEnabled: true}
Session ID: a343e98c5ae4019245d011258bdfa1aa
*** Element info: {Using=xpath, value=//div[@class='question-supplier']/div/div/div/div[@class='radio-btn yes-btn']}
</error>
  </testcase>
  <testcase name="And I select supplier &quot;British Gas&quot;" classname="| https://bdef256b4bd23af1:669ea24b26ea286da0f3803b875642c7@energy-journey-ui-staging.makeiteasy.com | KT64DU | Fredericks | Jeevat LTD | Ravi Ahuja | test@test.test | 07555555555 | Test Street | Test Street 2 | Hackney | Greater London | 04 | 807 | 205 | 10 | 12863966 | 474 | British Gas | 250 |" time="0">
    <skipped/>
  </testcase>
  <testcase name="And I select yes option for electricity usage" classname="| https://bdef256b4bd23af1:669ea24b26ea286da0f3803b875642c7@energy-journey-ui-staging.makeiteasy.com | KT64DU | Fredericks | Jeevat LTD | Ravi Ahuja | test@test.test | 07555555555 | Test Street | Test Street 2 | Hackney | Greater London | 04 | 807 | 205 | 10 | 12863966 | 474 | British Gas | 250 |" time="0">
    <skipped/>
  </testcase>
  <testcase name="And I enter kWh usage &quot;250&quot;" classname="| https://bdef256b4bd23af1:669ea24b26ea286da0f3803b875642c7@energy-journey-ui-staging.makeiteasy.com | KT64DU | Fredericks | Jeevat LTD | Ravi Ahuja | test@test.test | 07555555555 | Test Street | Test Street 2 | Hackney | Greater London | 04 | 807 | 205 | 10 | 12863966 | 474 | British Gas | 250 |" time="0">
    <skipped/>
  </testcase>
  <testcase name="And I click Next after entering Usage" classname="| https://bdef256b4bd23af1:669ea24b26ea286da0f3803b875642c7@energy-journey-ui-staging.makeiteasy.com | KT64DU | Fredericks | Jeevat LTD | Ravi Ahuja | test@test.test | 07555555555 | Test Street | Test Street 2 | Hackney | Greater London | 04 | 807 | 205 | 10 | 12863966 | 474 | British Gas | 250 |" time="0">
    <skipped/>
  </testcase>
  <testcase name="And I click I am not sure option" classname="| https://bdef256b4bd23af1:669ea24b26ea286da0f3803b875642c7@energy-journey-ui-staging.makeiteasy.com | KT64DU | Fredericks | Jeevat LTD | Ravi Ahuja | test@test.test | 07555555555 | Test Street | Test Street 2 | Hackney | Greater London | 04 | 807 | 205 | 10 | 12863966 | 474 | British Gas | 250 |" time="0">
    <skipped/>
  </testcase>
  <testcase name="And I click Schedule for later (if on chat page)" classname="| https://bdef256b4bd23af1:669ea24b26ea286da0f3803b875642c7@energy-journey-ui-staging.makeiteasy.com | KT64DU | Fredericks | Jeevat LTD | Ravi Ahuja | test@test.test | 07555555555 | Test Street | Test Street 2 | Hackney | Greater London | 04 | 807 | 205 | 10 | 12863966 | 474 | British Gas | 250 |" time="0">
    <skipped/>
  </testcase>
  <testcase name="And I select Time from dropdown" classname="| https://bdef256b4bd23af1:669ea24b26ea286da0f3803b875642c7@energy-journey-ui-staging.makeiteasy.com | KT64DU | Fredericks | Jeevat LTD | Ravi Ahuja | test@test.test | 07555555555 | Test Street | Test Street 2 | Hackney | Greater London | 04 | 807 | 205 | 10 | 12863966 | 474 | British Gas | 250 |" time="0">
    <skipped/>
  </testcase>
  <testcase name="And I enter full name &quot;Ravi Ahuja&quot;" classname="| https://bdef256b4bd23af1:669ea24b26ea286da0f3803b875642c7@energy-journey-ui-staging.makeiteasy.com | KT64DU | Fredericks | Jeevat LTD | Ravi Ahuja | test@test.test | 07555555555 | Test Street | Test Street 2 | Hackney | Greater London | 04 | 807 | 205 | 10 | 12863966 | 474 | British Gas | 250 |" time="0">
    <skipped/>
  </testcase>
  <testcase name="And I enter email address &quot;test@test.test&quot;" classname="| https://bdef256b4bd23af1:669ea24b26ea286da0f3803b875642c7@energy-journey-ui-staging.makeiteasy.com | KT64DU | Fredericks | Jeevat LTD | Ravi Ahuja | test@test.test | 07555555555 | Test Street | Test Street 2 | Hackney | Greater London | 04 | 807 | 205 | 10 | 12863966 | 474 | British Gas | 250 |" time="0">
    <skipped/>
  </testcase>
  <testcase name="And I enter phone number &quot;07555555555&quot;" classname="| https://bdef256b4bd23af1:669ea24b26ea286da0f3803b875642c7@energy-journey-ui-staging.makeiteasy.com | KT64DU | Fredericks | Jeevat LTD | Ravi Ahuja | test@test.test | 07555555555 | Test Street | Test Street 2 | Hackney | Greater London | 04 | 807 | 205 | 10 | 12863966 | 474 | British Gas | 250 |" time="0">
    <skipped/>
  </testcase>
  <testcase name="And I click Schedule call/Finalise Quote button" classname="| https://bdef256b4bd23af1:669ea24b26ea286da0f3803b875642c7@energy-journey-ui-staging.makeiteasy.com | KT64DU | Fredericks | Jeevat LTD | Ravi Ahuja | test@test.test | 07555555555 | Test Street | Test Street 2 | Hackney | Greater London | 04 | 807 | 205 | 10 | 12863966 | 474 | British Gas | 250 |" time="0">
    <skipped/>
  </testcase>
  <testcase name="Then I navigate to electric lead schedule page" classname="| https://bdef256b4bd23af1:669ea24b26ea286da0f3803b875642c7@energy-journey-ui-staging.makeiteasy.com | KT64DU | Fredericks | Jeevat LTD | Ravi Ahuja | test@test.test | 07555555555 | Test Street | Test Street 2 | Hackney | Greater London | 04 | 807 | 205 | 10 | 12863966 | 474 | British Gas | 250 |" time="0">
    <skipped/>
  </testcase>
  <testcase name="Given I navigate to bionic energy journey landing page with &quot;https://bdef256b4bd23af1:669ea24b26ea286da0f3803b875642c7@energy-journey-pr-1109.herokuapp.com&quot;" classname="| https://bdef256b4bd23af1:669ea24b26ea286da0f3803b875642c7@energy-journey-pr-1109.herokuapp.com | NR242QF | Church House | Jeevat LTD | Ravi Ahuja | test@test.test | 07555555555 |" time="0"/>
  <testcase name="When I enter postcode &quot;NR242QF&quot;" classname="| https://bdef256b4bd23af1:669ea24b26ea286da0f3803b875642c7@energy-journey-pr-1109.herokuapp.com | NR242QF | Church House | Jeevat LTD | Ravi Ahuja | test@test.test | 07555555555 |" time="0"/>
  <testcase name="And I click Start Quote" classname="| https://bdef256b4bd23af1:669ea24b26ea286da0f3803b875642c7@energy-journey-pr-1109.herokuapp.com | NR242QF | Church House | Jeevat LTD | Ravi Ahuja | test@test.test | 07555555555 |" time="0"/>
  <testcase name="And I enter &quot;Church House&quot; on search field" classname="| https://bdef256b4bd23af1:669ea24b26ea286da0f3803b875642c7@energy-journey-pr-1109.herokuapp.com | NR242QF | Church House | Jeevat LTD | Ravi Ahuja | test@test.test | 07555555555 |" time="0"/>
  <testcase name="And click on the address contains &quot;Church House&quot;" classname="| https://bdef256b4bd23af1:669ea24b26ea286da0f3803b875642c7@energy-journey-pr-1109.herokuapp.com | NR242QF | Church House | Jeevat LTD | Ravi Ahuja | test@test.test | 07555555555 |" time="0"/>
  <testcase name="And I enter Business Name &quot;Jeevat LTD&quot;" classname="| https://bdef256b4bd23af1:669ea24b26ea286da0f3803b875642c7@energy-journey-pr-1109.herokuapp.com | NR242QF | Church House | Jeevat LTD | Ravi Ahuja | test@test.test | 07555555555 |" time="0.001">
    <error message="no such element: Unable to locate element: {&quot;method&quot;:&quot;id&quot;,&quot;selector&quot;:&quot;business-name&quot;}&#10;  (Session info: chrome=85.0.4183.83)&#10;  (Driver info: chromedriver=72.0.3626.69 (3c16f8a135abc0d4da2dff33804db79b849a7c38),platform=Windows NT 10.0.18363 x86_64) (WARNING: The server did not provide any stacktrace information)&#10;Command duration or timeout: 0 milliseconds&#10;For documentation on this error, please visit: https://www.seleniumhq.org/exceptions/no_such_element.html&#10;Build info: version: &apos;3.141.59&apos;, revision: &apos;e82be7d358&apos;, time: &apos;2018-11-14T08:17:03&apos;&#10;System info: host: &apos;MIC-LAP225&apos;, ip: &apos;192.168.0.17&apos;, os.name: &apos;Windows 10&apos;, os.arch: &apos;amd64&apos;, os.version: &apos;10.0&apos;, java.version: &apos;1.8.0_212-release&apos;&#10;Driver info: org.openqa.selenium.chrome.ChromeDriver&#10;Capabilities {acceptInsecureCerts: false, acceptSslCerts: false, applicationCacheEnabled: false, browserConnectionEnabled: false, browserName: chrome, chrome: {chromedriverVersion: 72.0.3626.69 (3c16f8a135abc..., userDataDir: C:\Users\RAVI~1.AHU\AppData...}, cssSelectorsEnabled: true, databaseEnabled: false, goog:chromeOptions: {debuggerAddress: localhost:65157}, handlesAlerts: true, hasTouchScreen: false, javascriptEnabled: true, locationContextEnabled: true, mobileEmulationEnabled: false, nativeEvents: true, networkConnectionEnabled: false, pageLoadStrategy: normal, platform: XP, platformName: XP, proxy: Proxy(), rotatable: false, setWindowRect: true, takesHeapSnapshot: true, takesScreenshot: true, timeouts: {implicit: 0, pageLoad: 300000, script: 30000}, unexpectedAlertBehaviour: ignore, unhandledPromptBehavior: ignore, version: 85.0.4183.83, webStorageEnabled: true}&#10;Session ID: 0ec23ee82842508f7ed49eeef968e4cb&#10;*** Element info: {Using=id, value=business-name}" type="org.openqa.selenium.NoSuchElementException">org.openqa.selenium.NoSuchElementException: 
no such element: Unable to locate element: {"method":"id","selector":"business-name"}
  (Session info: chrome=85.0.4183.83)
  (Driver info: chromedriver=72.0.3626.69 (3c16f8a135abc0d4da2dff33804db79b849a7c38),platform=Windows NT 10.0.18363 x86_64) (WARNING: The server did not provide any stacktrace information)
Command duration or timeout: 0 milliseconds
For documentation on this error, please visit: https://www.seleniumhq.org/exceptions/no_such_element.html
Build info: version: '3.141.59', revision: 'e82be7d358', time: '2018-11-14T08:17:03'
System info: host: 'MIC-LAP225', ip: '192.168.0.17', os.name: 'Windows 10', os.arch: 'amd64', os.version: '10.0', java.version: '1.8.0_212-release'
Driver info: org.openqa.selenium.chrome.ChromeDriver
Capabilities {acceptInsecureCerts: false, acceptSslCerts: false, applicationCacheEnabled: false, browserConnectionEnabled: false, browserName: chrome, chrome: {chromedriverVersion: 72.0.3626.69 (3c16f8a135abc..., userDataDir: C:\Users\RAVI~1.AHU\AppData...}, cssSelectorsEnabled: true, databaseEnabled: false, goog:chromeOptions: {debuggerAddress: localhost:65157}, handlesAlerts: true, hasTouchScreen: false, javascriptEnabled: true, locationContextEnabled: true, mobileEmulationEnabled: false, nativeEvents: true, networkConnectionEnabled: false, pageLoadStrategy: normal, platform: XP, platformName: XP, proxy: Proxy(), rotatable: false, setWindowRect: true, takesHeapSnapshot: true, takesScreenshot: true, timeouts: {implicit: 0, pageLoad: 300000, script: 30000}, unexpectedAlertBehaviour: ignore, unhandledPromptBehavior: ignore, version: 85.0.4183.83, webStorageEnabled: true}
Session ID: 0ec23ee82842508f7ed49eeef968e4cb
*** Element info: {Using=id, value=business-name}
</error>
  </testcase>
  <testcase name="| https://bdef256b4bd23af1:669ea24b26ea286da0f3803b875642c7@energy-journey-pr-1109.herokuapp.com | NR242QF | Church House | Jeevat LTD | Ravi Ahuja | test@test.test | 07555555555 |" classname="| https://bdef256b4bd23af1:669ea24b26ea286da0f3803b875642c7@energy-journey-pr-1109.herokuapp.com | NR242QF | Church House | Jeevat LTD | Ravi Ahuja | test@test.test | 07555555555 |" time="0.002">
    <error message="no such element: Unable to locate element: {&quot;method&quot;:&quot;id&quot;,&quot;selector&quot;:&quot;business-name&quot;}&#10;  (Session info: chrome=85.0.4183.83)&#10;  (Driver info: chromedriver=72.0.3626.69 (3c16f8a135abc0d4da2dff33804db79b849a7c38),platform=Windows NT 10.0.18363 x86_64) (WARNING: The server did not provide any stacktrace information)&#10;Command duration or timeout: 0 milliseconds&#10;For documentation on this error, please visit: https://www.seleniumhq.org/exceptions/no_such_element.html&#10;Build info: version: &apos;3.141.59&apos;, revision: &apos;e82be7d358&apos;, time: &apos;2018-11-14T08:17:03&apos;&#10;System info: host: &apos;MIC-LAP225&apos;, ip: &apos;192.168.0.17&apos;, os.name: &apos;Windows 10&apos;, os.arch: &apos;amd64&apos;, os.version: &apos;10.0&apos;, java.version: &apos;1.8.0_212-release&apos;&#10;Driver info: org.openqa.selenium.chrome.ChromeDriver&#10;Capabilities {acceptInsecureCerts: false, acceptSslCerts: false, applicationCacheEnabled: false, browserConnectionEnabled: false, browserName: chrome, chrome: {chromedriverVersion: 72.0.3626.69 (3c16f8a135abc..., userDataDir: C:\Users\RAVI~1.AHU\AppData...}, cssSelectorsEnabled: true, databaseEnabled: false, goog:chromeOptions: {debuggerAddress: localhost:65157}, handlesAlerts: true, hasTouchScreen: false, javascriptEnabled: true, locationContextEnabled: true, mobileEmulationEnabled: false, nativeEvents: true, networkConnectionEnabled: false, pageLoadStrategy: normal, platform: XP, platformName: XP, proxy: Proxy(), rotatable: false, setWindowRect: true, takesHeapSnapshot: true, takesScreenshot: true, timeouts: {implicit: 0, pageLoad: 300000, script: 30000}, unexpectedAlertBehaviour: ignore, unhandledPromptBehavior: ignore, version: 85.0.4183.83, webStorageEnabled: true}&#10;Session ID: 0ec23ee82842508f7ed49eeef968e4cb&#10;*** Element info: {Using=id, value=business-name}" type="org.openqa.selenium.NoSuchElementException">org.openqa.selenium.NoSuchElementException: 
no such element: Unable to locate element: {"method":"id","selector":"business-name"}
  (Session info: chrome=85.0.4183.83)
  (Driver info: chromedriver=72.0.3626.69 (3c16f8a135abc0d4da2dff33804db79b849a7c38),platform=Windows NT 10.0.18363 x86_64) (WARNING: The server did not provide any stacktrace information)
Command duration or timeout: 0 milliseconds
For documentation on this error, please visit: https://www.seleniumhq.org/exceptions/no_such_element.html
Build info: version: '3.141.59', revision: 'e82be7d358', time: '2018-11-14T08:17:03'
System info: host: 'MIC-LAP225', ip: '192.168.0.17', os.name: 'Windows 10', os.arch: 'amd64', os.version: '10.0', java.version: '1.8.0_212-release'
Driver info: org.openqa.selenium.chrome.ChromeDriver
Capabilities {acceptInsecureCerts: false, acceptSslCerts: false, applicationCacheEnabled: false, browserConnectionEnabled: false, browserName: chrome, chrome: {chromedriverVersion: 72.0.3626.69 (3c16f8a135abc..., userDataDir: C:\Users\RAVI~1.AHU\AppData...}, cssSelectorsEnabled: true, databaseEnabled: false, goog:chromeOptions: {debuggerAddress: localhost:65157}, handlesAlerts: true, hasTouchScreen: false, javascriptEnabled: true, locationContextEnabled: true, mobileEmulationEnabled: false, nativeEvents: true, networkConnectionEnabled: false, pageLoadStrategy: normal, platform: XP, platformName: XP, proxy: Proxy(), rotatable: false, setWindowRect: true, takesHeapSnapshot: true, takesScreenshot: true, timeouts: {implicit: 0, pageLoad: 300000, script: 30000}, unexpectedAlertBehaviour: ignore, unhandledPromptBehavior: ignore, version: 85.0.4183.83, webStorageEnabled: true}
Session ID: 0ec23ee82842508f7ed49eeef968e4cb
*** Element info: {Using=id, value=business-name}
</error>
  </testcase>
  <testcase name="And I click Next from business name page" classname="| https://bdef256b4bd23af1:669ea24b26ea286da0f3803b875642c7@energy-journey-pr-1109.herokuapp.com | NR242QF | Church House | Jeevat LTD | Ravi Ahuja | test@test.test | 07555555555 |" time="0">
    <skipped/>
  </testcase>
  <testcase name="And I click on Electricity button" classname="| https://bdef256b4bd23af1:669ea24b26ea286da0f3803b875642c7@energy-journey-pr-1109.herokuapp.com | NR242QF | Church House | Jeevat LTD | Ravi Ahuja | test@test.test | 07555555555 |" time="0">
    <skipped/>
  </testcase>
  <testcase name="And I click Yes from industry data agreement page" classname="| https://bdef256b4bd23af1:669ea24b26ea286da0f3803b875642c7@energy-journey-pr-1109.herokuapp.com | NR242QF | Church House | Jeevat LTD | Ravi Ahuja | test@test.test | 07555555555 |" time="0">
    <skipped/>
  </testcase>
  <testcase name="And I click on Select all meters option" classname="| https://bdef256b4bd23af1:669ea24b26ea286da0f3803b875642c7@energy-journey-pr-1109.herokuapp.com | NR242QF | Church House | Jeevat LTD | Ravi Ahuja | test@test.test | 07555555555 |" time="0">
    <skipped/>
  </testcase>
  <testcase name="And I click on get a quote for multiple meters" classname="| https://bdef256b4bd23af1:669ea24b26ea286da0f3803b875642c7@energy-journey-pr-1109.herokuapp.com | NR242QF | Church House | Jeevat LTD | Ravi Ahuja | test@test.test | 07555555555 |" time="0">
    <skipped/>
  </testcase>
  <testcase name="And I enter full name &quot;Ravi Ahuja&quot;" classname="| https://bdef256b4bd23af1:669ea24b26ea286da0f3803b875642c7@energy-journey-pr-1109.herokuapp.com | NR242QF | Church House | Jeevat LTD | Ravi Ahuja | test@test.test | 07555555555 |" time="0">
    <skipped/>
  </testcase>
  <testcase name="And I enter email address &quot;test@test.test&quot;" classname="| https://bdef256b4bd23af1:669ea24b26ea286da0f3803b875642c7@energy-journey-pr-1109.herokuapp.com | NR242QF | Church House | Jeevat LTD | Ravi Ahuja | test@test.test | 07555555555 |" time="0">
    <skipped/>
  </testcase>
  <testcase name="And I enter phone number &quot;07555555555&quot;" classname="| https://bdef256b4bd23af1:669ea24b26ea286da0f3803b875642c7@energy-journey-pr-1109.herokuapp.com | NR242QF | Church House | Jeevat LTD | Ravi Ahuja | test@test.test | 07555555555 |" time="0">
    <skipped/>
  </testcase>
  <testcase name="And I click Schedule call/Finalise Quote button" classname="| https://bdef256b4bd23af1:669ea24b26ea286da0f3803b875642c7@energy-journey-pr-1109.herokuapp.com | NR242QF | Church House | Jeevat LTD | Ravi Ahuja | test@test.test | 07555555555 |" time="0">
    <skipped/>
  </testcase>
  <testcase name="Then I navigate to electric lead schedule page" classname="| https://bdef256b4bd23af1:669ea24b26ea286da0f3803b875642c7@energy-journey-pr-1109.herokuapp.com | NR242QF | Church House | Jeevat LTD | Ravi Ahuja | test@test.test | 07555555555 |" time="0">
    <skipped/>
  </testcase>
  <testcase name="Given I navigate to bionic energy journey landing page with &quot;https://bdef256b4bd23af1:669ea24b26ea286da0f3803b875642c7@energy-journey-pr-1109.herokuapp.com&quot;" classname="| https://bdef256b4bd23af1:669ea24b26ea286da0f3803b875642c7@energy-journey-pr-1109.herokuapp.com | SL6 1PE | 7 North Road | Jeevat LTD | Ravi Ahuja | test@test.test | 07555555555 |" time="0"/>
  <testcase name="When I enter postcode &quot;SL6 1PE&quot;" classname="| https://bdef256b4bd23af1:669ea24b26ea286da0f3803b875642c7@energy-journey-pr-1109.herokuapp.com | SL6 1PE | 7 North Road | Jeevat LTD | Ravi Ahuja | test@test.test | 07555555555 |" time="0"/>
  <testcase name="And I click Start Quote" classname="| https://bdef256b4bd23af1:669ea24b26ea286da0f3803b875642c7@energy-journey-pr-1109.herokuapp.com | SL6 1PE | 7 North Road | Jeevat LTD | Ravi Ahuja | test@test.test | 07555555555 |" time="0"/>
  <testcase name="And I enter &quot;7 North Road&quot; on search field" classname="| https://bdef256b4bd23af1:669ea24b26ea286da0f3803b875642c7@energy-journey-pr-1109.herokuapp.com | SL6 1PE | 7 North Road | Jeevat LTD | Ravi Ahuja | test@test.test | 07555555555 |" time="0"/>
  <testcase name="And click on the address contains &quot;7 North Road&quot;" classname="| https://bdef256b4bd23af1:669ea24b26ea286da0f3803b875642c7@energy-journey-pr-1109.herokuapp.com | SL6 1PE | 7 North Road | Jeevat LTD | Ravi Ahuja | test@test.test | 07555555555 |" time="0"/>
  <testcase name="And I enter Business Name &quot;Jeevat LTD&quot;" classname="| https://bdef256b4bd23af1:669ea24b26ea286da0f3803b875642c7@energy-journey-pr-1109.herokuapp.com | SL6 1PE | 7 North Road | Jeevat LTD | Ravi Ahuja | test@test.test | 07555555555 |" time="0"/>
  <testcase name="And I click Next from business name page" classname="| https://bdef256b4bd23af1:669ea24b26ea286da0f3803b875642c7@energy-journey-pr-1109.herokuapp.com | SL6 1PE | 7 North Road | Jeevat LTD | Ravi Ahuja | test@test.test | 07555555555 |" time="0"/>
  <testcase name="And I click on Gas button" classname="| https://bdef256b4bd23af1:669ea24b26ea286da0f3803b875642c7@energy-journey-pr-1109.herokuapp.com | SL6 1PE | 7 North Road | Jeevat LTD | Ravi Ahuja | test@test.test | 07555555555 |" time="0"/>
  <testcase name="And I click Yes from industry data agreement page" classname="| https://bdef256b4bd23af1:669ea24b26ea286da0f3803b875642c7@energy-journey-pr-1109.herokuapp.com | SL6 1PE | 7 North Road | Jeevat LTD | Ravi Ahuja | test@test.test | 07555555555 |" time="0"/>
  <testcase name="And I click on Select all meters option" classname="| https://bdef256b4bd23af1:669ea24b26ea286da0f3803b875642c7@energy-journey-pr-1109.herokuapp.com | SL6 1PE | 7 North Road | Jeevat LTD | Ravi Ahuja | test@test.test | 07555555555 |" time="0.005">
    <error message="no such element: Unable to locate element: {&quot;method&quot;:&quot;xpath&quot;,&quot;selector&quot;:&quot;//div[@class=&apos;radio-checkbox meter-list__select-all d-none d-md-flex radio-checkbox--default radio-checkbox--xs&apos;]&quot;}&#10;  (Session info: chrome=85.0.4183.83)&#10;  (Driver info: chromedriver=72.0.3626.69 (3c16f8a135abc0d4da2dff33804db79b849a7c38),platform=Windows NT 10.0.18363 x86_64) (WARNING: The server did not provide any stacktrace information)&#10;Command duration or timeout: 0 milliseconds&#10;For documentation on this error, please visit: https://www.seleniumhq.org/exceptions/no_such_element.html&#10;Build info: version: &apos;3.141.59&apos;, revision: &apos;e82be7d358&apos;, time: &apos;2018-11-14T08:17:03&apos;&#10;System info: host: &apos;MIC-LAP225&apos;, ip: &apos;192.168.0.17&apos;, os.name: &apos;Windows 10&apos;, os.arch: &apos;amd64&apos;, os.version: &apos;10.0&apos;, java.version: &apos;1.8.0_212-release&apos;&#10;Driver info: org.openqa.selenium.chrome.ChromeDriver&#10;Capabilities {acceptInsecureCerts: false, acceptSslCerts: false, applicationCacheEnabled: false, browserConnectionEnabled: false, browserName: chrome, chrome: {chromedriverVersion: 72.0.3626.69 (3c16f8a135abc..., userDataDir: C:\Users\RAVI~1.AHU\AppData...}, cssSelectorsEnabled: true, databaseEnabled: false, goog:chromeOptions: {debuggerAddress: localhost:65255}, handlesAlerts: true, hasTouchScreen: false, javascriptEnabled: true, locationContextEnabled: true, mobileEmulationEnabled: false, nativeEvents: true, networkConnectionEnabled: false, pageLoadStrategy: normal, platform: XP, platformName: XP, proxy: Proxy(), rotatable: false, setWindowRect: true, takesHeapSnapshot: true, takesScreenshot: true, timeouts: {implicit: 0, pageLoad: 300000, script: 30000}, unexpectedAlertBehaviour: ignore, unhandledPromptBehavior: ignore, version: 85.0.4183.83, webStorageEnabled: true}&#10;Session ID: 33b72476d2031681031c2b4d03713a0f&#10;*** Element info: {Using=xpath, value=//div[@class=&apos;radio-checkbox meter-list__select-all d-none d-md-flex radio-checkbox--default radio-checkbox--xs&apos;]}" type="org.openqa.selenium.NoSuchElementException">org.openqa.selenium.NoSuchElementException: 
no such element: Unable to locate element: {"method":"xpath","selector":"//div[@class='radio-checkbox meter-list__select-all d-none d-md-flex radio-checkbox--default radio-checkbox--xs']"}
  (Session info: chrome=85.0.4183.83)
  (Driver info: chromedriver=72.0.3626.69 (3c16f8a135abc0d4da2dff33804db79b849a7c38),platform=Windows NT 10.0.18363 x86_64) (WARNING: The server did not provide any stacktrace information)
Command duration or timeout: 0 milliseconds
For documentation on this error, please visit: https://www.seleniumhq.org/exceptions/no_such_element.html
Build info: version: '3.141.59', revision: 'e82be7d358', time: '2018-11-14T08:17:03'
System info: host: 'MIC-LAP225', ip: '192.168.0.17', os.name: 'Windows 10', os.arch: 'amd64', os.version: '10.0', java.version: '1.8.0_212-release'
Driver info: org.openqa.selenium.chrome.ChromeDriver
Capabilities {acceptInsecureCerts: false, acceptSslCerts: false, applicationCacheEnabled: false, browserConnectionEnabled: false, browserName: chrome, chrome: {chromedriverVersion: 72.0.3626.69 (3c16f8a135abc..., userDataDir: C:\Users\RAVI~1.AHU\AppData...}, cssSelectorsEnabled: true, databaseEnabled: false, goog:chromeOptions: {debuggerAddress: localhost:65255}, handlesAlerts: true, hasTouchScreen: false, javascriptEnabled: true, locationContextEnabled: true, mobileEmulationEnabled: false, nativeEvents: true, networkConnectionEnabled: false, pageLoadStrategy: normal, platform: XP, platformName: XP, proxy: Proxy(), rotatable: false, setWindowRect: true, takesHeapSnapshot: true, takesScreenshot: true, timeouts: {implicit: 0, pageLoad: 300000, script: 30000}, unexpectedAlertBehaviour: ignore, unhandledPromptBehavior: ignore, version: 85.0.4183.83, webStorageEnabled: true}
Session ID: 33b72476d2031681031c2b4d03713a0f
*** Element info: {Using=xpath, value=//div[@class='radio-checkbox meter-list__select-all d-none d-md-flex radio-checkbox--default radio-checkbox--xs']}
</error>
  </testcase>
  <testcase name="| https://bdef256b4bd23af1:669ea24b26ea286da0f3803b875642c7@energy-journey-pr-1109.herokuapp.com | SL6 1PE | 7 North Road | Jeevat LTD | Ravi Ahuja | test@test.test | 07555555555 |" classname="| https://bdef256b4bd23af1:669ea24b26ea286da0f3803b875642c7@energy-journey-pr-1109.herokuapp.com | SL6 1PE | 7 North Road | Jeevat LTD | Ravi Ahuja | test@test.test | 07555555555 |" time="0.006">
    <error message="no such element: Unable to locate element: {&quot;method&quot;:&quot;xpath&quot;,&quot;selector&quot;:&quot;//div[@class=&apos;radio-checkbox meter-list__select-all d-none d-md-flex radio-checkbox--default radio-checkbox--xs&apos;]&quot;}&#10;  (Session info: chrome=85.0.4183.83)&#10;  (Driver info: chromedriver=72.0.3626.69 (3c16f8a135abc0d4da2dff33804db79b849a7c38),platform=Windows NT 10.0.18363 x86_64) (WARNING: The server did not provide any stacktrace information)&#10;Command duration or timeout: 0 milliseconds&#10;For documentation on this error, please visit: https://www.seleniumhq.org/exceptions/no_such_element.html&#10;Build info: version: &apos;3.141.59&apos;, revision: &apos;e82be7d358&apos;, time: &apos;2018-11-14T08:17:03&apos;&#10;System info: host: &apos;MIC-LAP225&apos;, ip: &apos;192.168.0.17&apos;, os.name: &apos;Windows 10&apos;, os.arch: &apos;amd64&apos;, os.version: &apos;10.0&apos;, java.version: &apos;1.8.0_212-release&apos;&#10;Driver info: org.openqa.selenium.chrome.ChromeDriver&#10;Capabilities {acceptInsecureCerts: false, acceptSslCerts: false, applicationCacheEnabled: false, browserConnectionEnabled: false, browserName: chrome, chrome: {chromedriverVersion: 72.0.3626.69 (3c16f8a135abc..., userDataDir: C:\Users\RAVI~1.AHU\AppData...}, cssSelectorsEnabled: true, databaseEnabled: false, goog:chromeOptions: {debuggerAddress: localhost:65255}, handlesAlerts: true, hasTouchScreen: false, javascriptEnabled: true, locationContextEnabled: true, mobileEmulationEnabled: false, nativeEvents: true, networkConnectionEnabled: false, pageLoadStrategy: normal, platform: XP, platformName: XP, proxy: Proxy(), rotatable: false, setWindowRect: true, takesHeapSnapshot: true, takesScreenshot: true, timeouts: {implicit: 0, pageLoad: 300000, script: 30000}, unexpectedAlertBehaviour: ignore, unhandledPromptBehavior: ignore, version: 85.0.4183.83, webStorageEnabled: true}&#10;Session ID: 33b72476d2031681031c2b4d03713a0f&#10;*** Element info: {Using=xpath, value=//div[@class=&apos;radio-checkbox meter-list__select-all d-none d-md-flex radio-checkbox--default radio-checkbox--xs&apos;]}" type="org.openqa.selenium.NoSuchElementException">org.openqa.selenium.NoSuchElementException: 
no such element: Unable to locate element: {"method":"xpath","selector":"//div[@class='radio-checkbox meter-list__select-all d-none d-md-flex radio-checkbox--default radio-checkbox--xs']"}
  (Session info: chrome=85.0.4183.83)
  (Driver info: chromedriver=72.0.3626.69 (3c16f8a135abc0d4da2dff33804db79b849a7c38),platform=Windows NT 10.0.18363 x86_64) (WARNING: The server did not provide any stacktrace information)
Command duration or timeout: 0 milliseconds
For documentation on this error, please visit: https://www.seleniumhq.org/exceptions/no_such_element.html
Build info: version: '3.141.59', revision: 'e82be7d358', time: '2018-11-14T08:17:03'
System info: host: 'MIC-LAP225', ip: '192.168.0.17', os.name: 'Windows 10', os.arch: 'amd64', os.version: '10.0', java.version: '1.8.0_212-release'
Driver info: org.openqa.selenium.chrome.ChromeDriver
Capabilities {acceptInsecureCerts: false, acceptSslCerts: false, applicationCacheEnabled: false, browserConnectionEnabled: false, browserName: chrome, chrome: {chromedriverVersion: 72.0.3626.69 (3c16f8a135abc..., userDataDir: C:\Users\RAVI~1.AHU\AppData...}, cssSelectorsEnabled: true, databaseEnabled: false, goog:chromeOptions: {debuggerAddress: localhost:65255}, handlesAlerts: true, hasTouchScreen: false, javascriptEnabled: true, locationContextEnabled: true, mobileEmulationEnabled: false, nativeEvents: true, networkConnectionEnabled: false, pageLoadStrategy: normal, platform: XP, platformName: XP, proxy: Proxy(), rotatable: false, setWindowRect: true, takesHeapSnapshot: true, takesScreenshot: true, timeouts: {implicit: 0, pageLoad: 300000, script: 30000}, unexpectedAlertBehaviour: ignore, unhandledPromptBehavior: ignore, version: 85.0.4183.83, webStorageEnabled: true}
Session ID: 33b72476d2031681031c2b4d03713a0f
*** Element info: {Using=xpath, value=//div[@class='radio-checkbox meter-list__select-all d-none d-md-flex radio-checkbox--default radio-checkbox--xs']}
</error>
  </testcase>
  <testcase name="And I click on get a quote for multiple meters" classname="| https://bdef256b4bd23af1:669ea24b26ea286da0f3803b875642c7@energy-journey-pr-1109.herokuapp.com | SL6 1PE | 7 North Road | Jeevat LTD | Ravi Ahuja | test@test.test | 07555555555 |" time="0">
    <skipped/>
  </testcase>
  <testcase name="And I enter full name &quot;Ravi Ahuja&quot;" classname="| https://bdef256b4bd23af1:669ea24b26ea286da0f3803b875642c7@energy-journey-pr-1109.herokuapp.com | SL6 1PE | 7 North Road | Jeevat LTD | Ravi Ahuja | test@test.test | 07555555555 |" time="0">
    <skipped/>
  </testcase>
  <testcase name="And I enter email address &quot;test@test.test&quot;" classname="| https://bdef256b4bd23af1:669ea24b26ea286da0f3803b875642c7@energy-journey-pr-1109.herokuapp.com | SL6 1PE | 7 North Road | Jeevat LTD | Ravi Ahuja | test@test.test | 07555555555 |" time="0">
    <skipped/>
  </testcase>
  <testcase name="And I enter phone number &quot;07555555555&quot;" classname="| https://bdef256b4bd23af1:669ea24b26ea286da0f3803b875642c7@energy-journey-pr-1109.herokuapp.com | SL6 1PE | 7 North Road | Jeevat LTD | Ravi Ahuja | test@test.test | 07555555555 |" time="0">
    <skipped/>
  </testcase>
  <testcase name="And I click Schedule call/Finalise Quote button" classname="| https://bdef256b4bd23af1:669ea24b26ea286da0f3803b875642c7@energy-journey-pr-1109.herokuapp.com | SL6 1PE | 7 North Road | Jeevat LTD | Ravi Ahuja | test@test.test | 07555555555 |" time="0">
    <skipped/>
  </testcase>
  <testcase name="Then I navigate to gas lead schedule page" classname="| https://bdef256b4bd23af1:669ea24b26ea286da0f3803b875642c7@energy-journey-pr-1109.herokuapp.com | SL6 1PE | 7 North Road | Jeevat LTD | Ravi Ahuja | test@test.test | 07555555555 |" time="0">
    <skipped/>
  </testcase>
  <testcase name="Given I navigate to bionic energy journey landing page with &quot;https://bdef256b4bd23af1:669ea24b26ea286da0f3803b875642c7@energy-journey-pr-1109.herokuapp.com&quot;" classname="| https://bdef256b4bd23af1:669ea24b26ea286da0f3803b875642c7@energy-journey-pr-1109.herokuapp.com | NR24 2QF | Church House | Jeevat LTD | Ravi Ahuja | test@test.test | 07555555555 |" time="0.001"/>
  <testcase name="When I enter postcode &quot;NR24 2QF&quot;" classname="| https://bdef256b4bd23af1:669ea24b26ea286da0f3803b875642c7@energy-journey-pr-1109.herokuapp.com | NR24 2QF | Church House | Jeevat LTD | Ravi Ahuja | test@test.test | 07555555555 |" time="0.001"/>
  <testcase name="And I click Start Quote" classname="| https://bdef256b4bd23af1:669ea24b26ea286da0f3803b875642c7@energy-journey-pr-1109.herokuapp.com | NR24 2QF | Church House | Jeevat LTD | Ravi Ahuja | test@test.test | 07555555555 |" time="0"/>
  <testcase name="And I enter &quot;Church House&quot; on search field" classname="| https://bdef256b4bd23af1:669ea24b26ea286da0f3803b875642c7@energy-journey-pr-1109.herokuapp.com | NR24 2QF | Church House | Jeevat LTD | Ravi Ahuja | test@test.test | 07555555555 |" time="0"/>
  <testcase name="And click on the address contains &quot;Church House&quot;" classname="| https://bdef256b4bd23af1:669ea24b26ea286da0f3803b875642c7@energy-journey-pr-1109.herokuapp.com | NR24 2QF | Church House | Jeevat LTD | Ravi Ahuja | test@test.test | 07555555555 |" time="0"/>
  <testcase name="And I enter Business Name &quot;Jeevat LTD&quot;" classname="| https://bdef256b4bd23af1:669ea24b26ea286da0f3803b875642c7@energy-journey-pr-1109.herokuapp.com | NR24 2QF | Church House | Jeevat LTD | Ravi Ahuja | test@test.test | 07555555555 |" time="0"/>
  <testcase name="And I click Next from business name page" classname="| https://bdef256b4bd23af1:669ea24b26ea286da0f3803b875642c7@energy-journey-pr-1109.herokuapp.com | NR24 2QF | Church House | Jeevat LTD | Ravi Ahuja | test@test.test | 07555555555 |" time="0.001"/>
  <testcase name="And I click on Gas&amp;Electricity button" classname="| https://bdef256b4bd23af1:669ea24b26ea286da0f3803b875642c7@energy-journey-pr-1109.herokuapp.com | NR24 2QF | Church House | Jeevat LTD | Ravi Ahuja | test@test.test | 07555555555 |" time="0"/>
  <testcase name="And I click Yes from industry data agreement page" classname="| https://bdef256b4bd23af1:669ea24b26ea286da0f3803b875642c7@energy-journey-pr-1109.herokuapp.com | NR24 2QF | Church House | Jeevat LTD | Ravi Ahuja | test@test.test | 07555555555 |" time="0"/>
  <testcase name="And I click on Select all meters option" classname="| https://bdef256b4bd23af1:669ea24b26ea286da0f3803b875642c7@energy-journey-pr-1109.herokuapp.com | NR24 2QF | Church House | Jeevat LTD | Ravi Ahuja | test@test.test | 07555555555 |" time="0.006">
    <error message="no such element: Unable to locate element: {&quot;method&quot;:&quot;xpath&quot;,&quot;selector&quot;:&quot;//div[@class=&apos;radio-checkbox meter-list__select-all d-none d-md-flex radio-checkbox--default radio-checkbox--xs&apos;]&quot;}&#10;  (Session info: chrome=85.0.4183.83)&#10;  (Driver info: chromedriver=72.0.3626.69 (3c16f8a135abc0d4da2dff33804db79b849a7c38),platform=Windows NT 10.0.18363 x86_64) (WARNING: The server did not provide any stacktrace information)&#10;Command duration or timeout: 0 milliseconds&#10;For documentation on this error, please visit: https://www.seleniumhq.org/exceptions/no_such_element.html&#10;Build info: version: &apos;3.141.59&apos;, revision: &apos;e82be7d358&apos;, time: &apos;2018-11-14T08:17:03&apos;&#10;System info: host: &apos;MIC-LAP225&apos;, ip: &apos;192.168.0.17&apos;, os.name: &apos;Windows 10&apos;, os.arch: &apos;amd64&apos;, os.version: &apos;10.0&apos;, java.version: &apos;1.8.0_212-release&apos;&#10;Driver info: org.openqa.selenium.chrome.ChromeDriver&#10;Capabilities {acceptInsecureCerts: false, acceptSslCerts: false, applicationCacheEnabled: false, browserConnectionEnabled: false, browserName: chrome, chrome: {chromedriverVersion: 72.0.3626.69 (3c16f8a135abc..., userDataDir: C:\Users\RAVI~1.AHU\AppData...}, cssSelectorsEnabled: true, databaseEnabled: false, goog:chromeOptions: {debuggerAddress: localhost:65397}, handlesAlerts: true, hasTouchScreen: false, javascriptEnabled: true, locationContextEnabled: true, mobileEmulationEnabled: false, nativeEvents: true, networkConnectionEnabled: false, pageLoadStrategy: normal, platform: XP, platformName: XP, proxy: Proxy(), rotatable: false, setWindowRect: true, takesHeapSnapshot: true, takesScreenshot: true, timeouts: {implicit: 0, pageLoad: 300000, script: 30000}, unexpectedAlertBehaviour: ignore, unhandledPromptBehavior: ignore, version: 85.0.4183.83, webStorageEnabled: true}&#10;Session ID: ad6724cb9aec03e78dc6a836593760a1&#10;*** Element info: {Using=xpath, value=//div[@class=&apos;radio-checkbox meter-list__select-all d-none d-md-flex radio-checkbox--default radio-checkbox--xs&apos;]}" type="org.openqa.selenium.NoSuchElementException">org.openqa.selenium.NoSuchElementException: 
no such element: Unable to locate element: {"method":"xpath","selector":"//div[@class='radio-checkbox meter-list__select-all d-none d-md-flex radio-checkbox--default radio-checkbox--xs']"}
  (Session info: chrome=85.0.4183.83)
  (Driver info: chromedriver=72.0.3626.69 (3c16f8a135abc0d4da2dff33804db79b849a7c38),platform=Windows NT 10.0.18363 x86_64) (WARNING: The server did not provide any stacktrace information)
Command duration or timeout: 0 milliseconds
For documentation on this error, please visit: https://www.seleniumhq.org/exceptions/no_such_element.html
Build info: version: '3.141.59', revision: 'e82be7d358', time: '2018-11-14T08:17:03'
System info: host: 'MIC-LAP225', ip: '192.168.0.17', os.name: 'Windows 10', os.arch: 'amd64', os.version: '10.0', java.version: '1.8.0_212-release'
Driver info: org.openqa.selenium.chrome.ChromeDriver
Capabilities {acceptInsecureCerts: false, acceptSslCerts: false, applicationCacheEnabled: false, browserConnectionEnabled: false, browserName: chrome, chrome: {chromedriverVersion: 72.0.3626.69 (3c16f8a135abc..., userDataDir: C:\Users\RAVI~1.AHU\AppData...}, cssSelectorsEnabled: true, databaseEnabled: false, goog:chromeOptions: {debuggerAddress: localhost:65397}, handlesAlerts: true, hasTouchScreen: false, javascriptEnabled: true, locationContextEnabled: true, mobileEmulationEnabled: false, nativeEvents: true, networkConnectionEnabled: false, pageLoadStrategy: normal, platform: XP, platformName: XP, proxy: Proxy(), rotatable: false, setWindowRect: true, takesHeapSnapshot: true, takesScreenshot: true, timeouts: {implicit: 0, pageLoad: 300000, script: 30000}, unexpectedAlertBehaviour: ignore, unhandledPromptBehavior: ignore, version: 85.0.4183.83, webStorageEnabled: true}
Session ID: ad6724cb9aec03e78dc6a836593760a1
*** Element info: {Using=xpath, value=//div[@class='radio-checkbox meter-list__select-all d-none d-md-flex radio-checkbox--default radio-checkbox--xs']}
</error>
  </testcase>
  <testcase name="| https://bdef256b4bd23af1:669ea24b26ea286da0f3803b875642c7@energy-journey-pr-1109.herokuapp.com | NR24 2QF | Church House | Jeevat LTD | Ravi Ahuja | test@test.test | 07555555555 |" classname="| https://bdef256b4bd23af1:669ea24b26ea286da0f3803b875642c7@energy-journey-pr-1109.herokuapp.com | NR24 2QF | Church House | Jeevat LTD | Ravi Ahuja | test@test.test | 07555555555 |" time="0.008">
    <error message="no such element: Unable to locate element: {&quot;method&quot;:&quot;xpath&quot;,&quot;selector&quot;:&quot;//div[@class=&apos;radio-checkbox meter-list__select-all d-none d-md-flex radio-checkbox--default radio-checkbox--xs&apos;]&quot;}&#10;  (Session info: chrome=85.0.4183.83)&#10;  (Driver info: chromedriver=72.0.3626.69 (3c16f8a135abc0d4da2dff33804db79b849a7c38),platform=Windows NT 10.0.18363 x86_64) (WARNING: The server did not provide any stacktrace information)&#10;Command duration or timeout: 0 milliseconds&#10;For documentation on this error, please visit: https://www.seleniumhq.org/exceptions/no_such_element.html&#10;Build info: version: &apos;3.141.59&apos;, revision: &apos;e82be7d358&apos;, time: &apos;2018-11-14T08:17:03&apos;&#10;System info: host: &apos;MIC-LAP225&apos;, ip: &apos;192.168.0.17&apos;, os.name: &apos;Windows 10&apos;, os.arch: &apos;amd64&apos;, os.version: &apos;10.0&apos;, java.version: &apos;1.8.0_212-release&apos;&#10;Driver info: org.openqa.selenium.chrome.ChromeDriver&#10;Capabilities {acceptInsecureCerts: false, acceptSslCerts: false, applicationCacheEnabled: false, browserConnectionEnabled: false, browserName: chrome, chrome: {chromedriverVersion: 72.0.3626.69 (3c16f8a135abc..., userDataDir: C:\Users\RAVI~1.AHU\AppData...}, cssSelectorsEnabled: true, databaseEnabled: false, goog:chromeOptions: {debuggerAddress: localhost:65397}, handlesAlerts: true, hasTouchScreen: false, javascriptEnabled: true, locationContextEnabled: true, mobileEmulationEnabled: false, nativeEvents: true, networkConnectionEnabled: false, pageLoadStrategy: normal, platform: XP, platformName: XP, proxy: Proxy(), rotatable: false, setWindowRect: true, takesHeapSnapshot: true, takesScreenshot: true, timeouts: {implicit: 0, pageLoad: 300000, script: 30000}, unexpectedAlertBehaviour: ignore, unhandledPromptBehavior: ignore, version: 85.0.4183.83, webStorageEnabled: true}&#10;Session ID: ad6724cb9aec03e78dc6a836593760a1&#10;*** Element info: {Using=xpath, value=//div[@class=&apos;radio-checkbox meter-list__select-all d-none d-md-flex radio-checkbox--default radio-checkbox--xs&apos;]}" type="org.openqa.selenium.NoSuchElementException">org.openqa.selenium.NoSuchElementException: 
no such element: Unable to locate element: {"method":"xpath","selector":"//div[@class='radio-checkbox meter-list__select-all d-none d-md-flex radio-checkbox--default radio-checkbox--xs']"}
  (Session info: chrome=85.0.4183.83)
  (Driver info: chromedriver=72.0.3626.69 (3c16f8a135abc0d4da2dff33804db79b849a7c38),platform=Windows NT 10.0.18363 x86_64) (WARNING: The server did not provide any stacktrace information)
Command duration or timeout: 0 milliseconds
For documentation on this error, please visit: https://www.seleniumhq.org/exceptions/no_such_element.html
Build info: version: '3.141.59', revision: 'e82be7d358', time: '2018-11-14T08:17:03'
System info: host: 'MIC-LAP225', ip: '192.168.0.17', os.name: 'Windows 10', os.arch: 'amd64', os.version: '10.0', java.version: '1.8.0_212-release'
Driver info: org.openqa.selenium.chrome.ChromeDriver
Capabilities {acceptInsecureCerts: false, acceptSslCerts: false, applicationCacheEnabled: false, browserConnectionEnabled: false, browserName: chrome, chrome: {chromedriverVersion: 72.0.3626.69 (3c16f8a135abc..., userDataDir: C:\Users\RAVI~1.AHU\AppData...}, cssSelectorsEnabled: true, databaseEnabled: false, goog:chromeOptions: {debuggerAddress: localhost:65397}, handlesAlerts: true, hasTouchScreen: false, javascriptEnabled: true, locationContextEnabled: true, mobileEmulationEnabled: false, nativeEvents: true, networkConnectionEnabled: false, pageLoadStrategy: normal, platform: XP, platformName: XP, proxy: Proxy(), rotatable: false, setWindowRect: true, takesHeapSnapshot: true, takesScreenshot: true, timeouts: {implicit: 0, pageLoad: 300000, script: 30000}, unexpectedAlertBehaviour: ignore, unhandledPromptBehavior: ignore, version: 85.0.4183.83, webStorageEnabled: true}
Session ID: ad6724cb9aec03e78dc6a836593760a1
*** Element info: {Using=xpath, value=//div[@class='radio-checkbox meter-list__select-all d-none d-md-flex radio-checkbox--default radio-checkbox--xs']}
</error>
  </testcase>
  <testcase name="And I click on get a quote for multiple meters" classname="| https://bdef256b4bd23af1:669ea24b26ea286da0f3803b875642c7@energy-journey-pr-1109.herokuapp.com | NR24 2QF | Church House | Jeevat LTD | Ravi Ahuja | test@test.test | 07555555555 |" time="0">
    <skipped/>
  </testcase>
  <testcase name="And I enter full name &quot;Ravi Ahuja&quot;" classname="| https://bdef256b4bd23af1:669ea24b26ea286da0f3803b875642c7@energy-journey-pr-1109.herokuapp.com | NR24 2QF | Church House | Jeevat LTD | Ravi Ahuja | test@test.test | 07555555555 |" time="0">
    <skipped/>
  </testcase>
  <testcase name="And I enter email address &quot;test@test.test&quot;" classname="| https://bdef256b4bd23af1:669ea24b26ea286da0f3803b875642c7@energy-journey-pr-1109.herokuapp.com | NR24 2QF | Church House | Jeevat LTD | Ravi Ahuja | test@test.test | 07555555555 |" time="0">
    <skipped/>
  </testcase>
  <testcase name="And I enter phone number &quot;07555555555&quot;" classname="| https://bdef256b4bd23af1:669ea24b26ea286da0f3803b875642c7@energy-journey-pr-1109.herokuapp.com | NR24 2QF | Church House | Jeevat LTD | Ravi Ahuja | test@test.test | 07555555555 |" time="0">
    <skipped/>
  </testcase>
  <testcase name="And I click Schedule call/Finalise Quote button" classname="| https://bdef256b4bd23af1:669ea24b26ea286da0f3803b875642c7@energy-journey-pr-1109.herokuapp.com | NR24 2QF | Church House | Jeevat LTD | Ravi Ahuja | test@test.test | 07555555555 |" time="0">
    <skipped/>
  </testcase>
  <testcase name="Then I navigate to dual lead confirmation page" classname="| https://bdef256b4bd23af1:669ea24b26ea286da0f3803b875642c7@energy-journey-pr-1109.herokuapp.com | NR24 2QF | Church House | Jeevat LTD | Ravi Ahuja | test@test.test | 07555555555 |" time="0">
    <skipped/>
  </testcase>
</testsuite>